This is pdfTeX, Version 3.14159265-2.6-1.40.16 (TeX Live 2015/W32TeX) (preloaded format=pdflatex 2016.3.31)  6 APR 2017 16:51
entering extended mode
 restricted \write18 enabled.
 %&-line parsing enabled.
**"./Categorifying the zx-calculus__(c).tex"
(./Categorifying the zx-calculus__(c).tex
LaTeX2e <2016/02/01>
Babel <3.9q> and hyphenation patterns for 81 language(s) loaded.
(c:/texlive/2015/texmf-dist/tex/latex/amscls/amsart.cls
Document Class: amsart 2015/03/04 v2.20.2
\linespacing=\dimen102
\normalparindent=\dimen103
\normaltopskip=\skip41
(c:/texlive/2015/texmf-dist/tex/latex/amsmath/amsmath.sty
Package: amsmath 2016/03/03 v2.15a AMS math features
\@mathmargin=\skip42

For additional information on amsmath, use the `?' option.
(c:/texlive/2015/texmf-dist/tex/latex/amsmath/amstext.sty
Package: amstext 2000/06/29 v2.01 AMS text

(c:/texlive/2015/texmf-dist/tex/latex/amsmath/amsgen.sty
File: amsgen.sty 1999/11/30 v2.0 generic functions
\@emptytoks=\toks14
\ex@=\dimen104
))
(c:/texlive/2015/texmf-dist/tex/latex/amsmath/amsbsy.sty
Package: amsbsy 1999/11/29 v1.2d Bold Symbols
\pmbraise@=\dimen105
)
(c:/texlive/2015/texmf-dist/tex/latex/amsmath/amsopn.sty
Package: amsopn 1999/12/14 v2.01 operator names
)
\inf@bad=\count79
LaTeX Info: Redefining \frac on input line 199.
\uproot@=\count80
\leftroot@=\count81
LaTeX Info: Redefining \overline on input line 297.
\classnum@=\count82
\DOTSCASE@=\count83
LaTeX Info: Redefining \ldots on input line 394.
LaTeX Info: Redefining \dots on input line 397.
LaTeX Info: Redefining \cdots on input line 518.
\Mathstrutbox@=\box26
\strutbox@=\box27
\big@size=\dimen106
LaTeX Font Info:    Redeclaring font encoding OML on input line 630.
LaTeX Font Info:    Redeclaring font encoding OMS on input line 631.
\macc@depth=\count84
\c@MaxMatrixCols=\count85
\dotsspace@=\muskip10
\c@parentequation=\count86
\dspbrk@lvl=\count87
\tag@help=\toks15
\row@=\count88
\column@=\count89
\maxfields@=\count90
\andhelp@=\toks16
\eqnshift@=\dimen107
\alignsep@=\dimen108
\tagshift@=\dimen109
\tagwidth@=\dimen110
\totwidth@=\dimen111
\lineht@=\dimen112
\@envbody=\toks17
\multlinegap=\skip43
\multlinetaggap=\skip44
\mathdisplay@stack=\toks18
LaTeX Info: Redefining \[ on input line 2735.
LaTeX Info: Redefining \] on input line 2736.
)
LaTeX Font Info:    Try loading font information for U+msa on input line 388.

(c:/texlive/2015/texmf-dist/tex/latex/amsfonts/umsa.fd
File: umsa.fd 2013/01/14 v3.01 AMS symbols A
)
(c:/texlive/2015/texmf-dist/tex/latex/amsfonts/amsfonts.sty
Package: amsfonts 2013/01/14 v3.01 Basic AMSFonts support
\symAMSa=\mathgroup4
\symAMSb=\mathgroup5
LaTeX Font Info:    Overwriting math alphabet `\mathfrak' in version `bold'
(Font)                  U/euf/m/n --> U/euf/b/n on input line 106.
)
\copyins=\insert199
\abstractbox=\box28
\listisep=\skip45
\c@part=\count91
\c@section=\count92
\c@subsection=\count93
\c@subsubsection=\count94
\c@paragraph=\count95
\c@subparagraph=\count96
\c@figure=\count97
\c@table=\count98
\abovecaptionskip=\skip46
\belowcaptionskip=\skip47
\captionindent=\dimen113
\thm@style=\toks19
\thm@bodyfont=\toks20
\thm@headfont=\toks21
\thm@notefont=\toks22
\thm@headpunct=\toks23
\thm@preskip=\skip48
\thm@postskip=\skip49
\thm@headsep=\skip50
\dth@everypar=\toks24
)
(c:/texlive/2015/texmf-dist/tex/latex/amsfonts/amssymb.sty
Package: amssymb 2013/01/14 v3.01 AMS font symbols
)
(c:/texlive/2015/texmf-dist/tex/latex/stmaryrd/stmaryrd.sty
Package: stmaryrd 1994/03/03 St Mary's Road symbol package
\symstmry=\mathgroup6
LaTeX Font Info:    Overwriting symbol font `stmry' in version `bold'
(Font)                  U/stmry/m/n --> U/stmry/b/n on input line 89.
)
(c:/texlive/2015/texmf-dist/tex/latex/etoolbox/etoolbox.sty
Package: etoolbox 2015/08/02 v2.2a e-TeX tools for LaTeX (JAW)
\etb@tempcnta=\count99
)
(c:/texlive/2015/texmf-dist/tex/latex/comment/comment.sty
\CommentStream=\write3

Excluding comment 'comment')
(c:/texlive/2015/texmf-dist/tex/latex/mathtools/mathtools.sty
Package: mathtools 2015/11/12 v1.18 mathematical typesetting tools

(c:/texlive/2015/texmf-dist/tex/latex/graphics/keyval.sty
Package: keyval 2014/10/28 v1.15 key=value parser (DPC)
\KV@toks@=\toks25
)
(c:/texlive/2015/texmf-dist/tex/latex/tools/calc.sty
Package: calc 2014/10/28 v4.3 Infix arithmetic (KKT,FJ)
\calc@Acount=\count100
\calc@Bcount=\count101
\calc@Adimen=\dimen114
\calc@Bdimen=\dimen115
\calc@Askip=\skip51
\calc@Bskip=\skip52
LaTeX Info: Redefining \setlength on input line 80.
LaTeX Info: Redefining \addtolength on input line 81.
\calc@Ccount=\count102
\calc@Cskip=\skip53
)
(c:/texlive/2015/texmf-dist/tex/latex/mathtools/mhsetup.sty
Package: mhsetup 2010/01/21 v1.2a programming setup (MH)
)
LaTeX Info: Thecontrolsequence`\('isalreadyrobust on input line 129.
LaTeX Info: Thecontrolsequence`\)'isalreadyrobust on input line 129.
LaTeX Info: Thecontrolsequence`\['isalreadyrobust on input line 129.
LaTeX Info: Thecontrolsequence`\]'isalreadyrobust on input line 129.
\g_MT_multlinerow_int=\count103
\l_MT_multwidth_dim=\dimen116
\origjot=\skip54
\l_MT_shortvdotswithinadjustabove_dim=\dimen117
\l_MT_shortvdotswithinadjustbelow_dim=\dimen118
\l_MT_above_intertext_sep=\dimen119
\l_MT_below_intertext_sep=\dimen120
\l_MT_above_shortintertext_sep=\dimen121
\l_MT_below_shortintertext_sep=\dimen122
)
(c:/texlive/2015/texmf-dist/tex/latex/graphics/graphicx.sty
Package: graphicx 2014/10/28 v1.0g Enhanced LaTeX Graphics (DPC,SPQR)

(c:/texlive/2015/texmf-dist/tex/latex/graphics/graphics.sty
Package: graphics 2016/01/03 v1.0q Standard LaTeX Graphics (DPC,SPQR)

(c:/texlive/2015/texmf-dist/tex/latex/graphics/trig.sty
Package: trig 2016/01/03 v1.10 sin cos tan (DPC)
)
(c:/texlive/2015/texmf-dist/tex/latex/latexconfig/graphics.cfg
File: graphics.cfg 2010/04/23 v1.9 graphics configuration of TeX Live
)
Package graphics Info: Driver file: pdftex.def on input line 95.

(c:/texlive/2015/texmf-dist/tex/latex/pdftex-def/pdftex.def
File: pdftex.def 2011/05/27 v0.06d Graphics/color for pdfTeX

(c:/texlive/2015/texmf-dist/tex/generic/oberdiek/infwarerr.sty
Package: infwarerr 2010/04/08 v1.3 Providing info/warning/error messages (HO)
)
(c:/texlive/2015/texmf-dist/tex/generic/oberdiek/ltxcmds.sty
Package: ltxcmds 2011/11/09 v1.22 LaTeX kernel commands for general use (HO)
)
\Gread@gobject=\count104
))
\Gin@req@height=\dimen123
\Gin@req@width=\dimen124
)
(c:/texlive/2015/texmf-dist/tex/latex/caption/caption.sty
Package: caption 2016/02/21 v3.3-144 Customizing captions (AR)

(c:/texlive/2015/texmf-dist/tex/latex/caption/caption3.sty
Package: caption3 2016/02/04 v1.7-139 caption3 kernel (AR)
Package caption3 Info: TeX engine: e-TeX on input line 67.
\captionmargin=\dimen125
\captionmargin@=\dimen126
\captionwidth=\dimen127
\caption@tempdima=\dimen128
\caption@indent=\dimen129
\caption@parindent=\dimen130
\caption@hangindent=\dimen131
)
Package caption Info: AMS or SMF document class.
\c@ContinuedFloat=\count105
)
(c:/texlive/2015/texmf-dist/tex/latex/caption/subcaption.sty
Package: subcaption 2016/02/20 v1.1-142 Sub-captions (AR)
\c@subfigure=\count106
\c@subtable=\count107
)
(c:/texlive/2015/texmf-dist/tex/latex/todonotes/todonotes.sty
Package: todonotes 2015/07/09 .dtx Todonotes source and documentation.
Package: todonotes 2012/07/25

(c:/texlive/2015/texmf-dist/tex/latex/base/ifthen.sty
Package: ifthen 2014/09/29 v1.1c Standard LaTeX ifthen package (DPC)
)
(c:/texlive/2015/texmf-dist/tex/latex/xkeyval/xkeyval.sty
Package: xkeyval 2014/12/03 v2.7a package option processing (HA)

(c:/texlive/2015/texmf-dist/tex/generic/xkeyval/xkeyval.tex
(c:/texlive/2015/texmf-dist/tex/generic/xkeyval/xkvutils.tex
\XKV@toks=\toks26
\XKV@tempa@toks=\toks27
)
\XKV@depth=\count108
File: xkeyval.tex 2014/12/03 v2.7a key=value parser (HA)
))
(c:/texlive/2015/texmf-dist/tex/latex/xcolor/xcolor.sty
Package: xcolor 2007/01/21 v2.11 LaTeX color extensions (UK)

(c:/texlive/2015/texmf-dist/tex/latex/latexconfig/color.cfg
File: color.cfg 2007/01/18 v1.5 color configuration of teTeX/TeXLive
)
Package xcolor Info: Driver file: pdftex.def on input line 225.
Package xcolor Info: Model `cmy' substituted by `cmy0' on input line 1337.
Package xcolor Info: Model `hsb' substituted by `rgb' on input line 1341.
Package xcolor Info: Model `RGB' extended on input line 1353.
Package xcolor Info: Model `HTML' substituted by `rgb' on input line 1355.
Package xcolor Info: Model `Hsb' substituted by `hsb' on input line 1356.
Package xcolor Info: Model `tHsb' substituted by `hsb' on input line 1357.
Package xcolor Info: Model `HSB' substituted by `hsb' on input line 1358.
Package xcolor Info: Model `Gray' substituted by `gray' on input line 1359.
Package xcolor Info: Model `wave' substituted by `hsb' on input line 1360.
)
(c:/texlive/2015/texmf-dist/tex/latex/pgf/frontendlayer/tikz.sty
(c:/texlive/2015/texmf-dist/tex/latex/pgf/basiclayer/pgf.sty
(c:/texlive/2015/texmf-dist/tex/latex/pgf/utilities/pgfrcs.sty
(c:/texlive/2015/texmf-dist/tex/generic/pgf/utilities/pgfutil-common.tex
\pgfutil@everybye=\toks28
\pgfutil@tempdima=\dimen132
\pgfutil@tempdimb=\dimen133

(c:/texlive/2015/texmf-dist/tex/generic/pgf/utilities/pgfutil-common-lists.tex)
) (c:/texlive/2015/texmf-dist/tex/generic/pgf/utilities/pgfutil-latex.def
\pgfutil@abb=\box29

(c:/texlive/2015/texmf-dist/tex/latex/ms/everyshi.sty
Package: everyshi 2001/05/15 v3.00 EveryShipout Package (MS)
))
(c:/texlive/2015/texmf-dist/tex/generic/pgf/utilities/pgfrcs.code.tex
Package: pgfrcs 2015/08/07 v3.0.1a (rcs-revision 1.31)
))
Package: pgf 2015/08/07 v3.0.1a (rcs-revision 1.15)

(c:/texlive/2015/texmf-dist/tex/latex/pgf/basiclayer/pgfcore.sty
(c:/texlive/2015/texmf-dist/tex/latex/pgf/systemlayer/pgfsys.sty
(c:/texlive/2015/texmf-dist/tex/generic/pgf/systemlayer/pgfsys.code.tex
Package: pgfsys 2014/07/09 v3.0.1a (rcs-revision 1.48)

(c:/texlive/2015/texmf-dist/tex/generic/pgf/utilities/pgfkeys.code.tex
\pgfkeys@pathtoks=\toks29
\pgfkeys@temptoks=\toks30

(c:/texlive/2015/texmf-dist/tex/generic/pgf/utilities/pgfkeysfiltered.code.tex
\pgfkeys@tmptoks=\toks31
))
\pgf@x=\dimen134
\pgf@y=\dimen135
\pgf@xa=\dimen136
\pgf@ya=\dimen137
\pgf@xb=\dimen138
\pgf@yb=\dimen139
\pgf@xc=\dimen140
\pgf@yc=\dimen141
\w@pgf@writea=\write4
\r@pgf@reada=\read1
\c@pgf@counta=\count109
\c@pgf@countb=\count110
\c@pgf@countc=\count111
\c@pgf@countd=\count112
\t@pgf@toka=\toks32
\t@pgf@tokb=\toks33
\t@pgf@tokc=\toks34
 (c:/texlive/2015/texmf-dist/tex/generic/pgf/systemlayer/pgf.cfg
File: pgf.cfg 2008/05/14  (rcs-revision 1.7)
)
Driver file for pgf: pgfsys-pdftex.def

(c:/texlive/2015/texmf-dist/tex/generic/pgf/systemlayer/pgfsys-pdftex.def
File: pgfsys-pdftex.def 2014/10/11  (rcs-revision 1.35)

(c:/texlive/2015/texmf-dist/tex/generic/pgf/systemlayer/pgfsys-common-pdf.def
File: pgfsys-common-pdf.def 2013/10/10  (rcs-revision 1.13)
)))
(c:/texlive/2015/texmf-dist/tex/generic/pgf/systemlayer/pgfsyssoftpath.code.tex
File: pgfsyssoftpath.code.tex 2013/09/09  (rcs-revision 1.9)
\pgfsyssoftpath@smallbuffer@items=\count113
\pgfsyssoftpath@bigbuffer@items=\count114
)
(c:/texlive/2015/texmf-dist/tex/generic/pgf/systemlayer/pgfsysprotocol.code.tex
File: pgfsysprotocol.code.tex 2006/10/16  (rcs-revision 1.4)
)) (c:/texlive/2015/texmf-dist/tex/generic/pgf/basiclayer/pgfcore.code.tex
Package: pgfcore 2010/04/11 v3.0.1a (rcs-revision 1.7)

(c:/texlive/2015/texmf-dist/tex/generic/pgf/math/pgfmath.code.tex
(c:/texlive/2015/texmf-dist/tex/generic/pgf/math/pgfmathcalc.code.tex
(c:/texlive/2015/texmf-dist/tex/generic/pgf/math/pgfmathutil.code.tex)
(c:/texlive/2015/texmf-dist/tex/generic/pgf/math/pgfmathparser.code.tex
\pgfmath@dimen=\dimen142
\pgfmath@count=\count115
\pgfmath@box=\box30
\pgfmath@toks=\toks35
\pgfmath@stack@operand=\toks36
\pgfmath@stack@operation=\toks37
)
(c:/texlive/2015/texmf-dist/tex/generic/pgf/math/pgfmathfunctions.code.tex
(c:/texlive/2015/texmf-dist/tex/generic/pgf/math/pgfmathfunctions.basic.code.te
x)
(c:/texlive/2015/texmf-dist/tex/generic/pgf/math/pgfmathfunctions.trigonometric
.code.tex)
(c:/texlive/2015/texmf-dist/tex/generic/pgf/math/pgfmathfunctions.random.code.t
ex)
(c:/texlive/2015/texmf-dist/tex/generic/pgf/math/pgfmathfunctions.comparison.co
de.tex)
(c:/texlive/2015/texmf-dist/tex/generic/pgf/math/pgfmathfunctions.base.code.tex
)
(c:/texlive/2015/texmf-dist/tex/generic/pgf/math/pgfmathfunctions.round.code.te
x)
(c:/texlive/2015/texmf-dist/tex/generic/pgf/math/pgfmathfunctions.misc.code.tex
)
(c:/texlive/2015/texmf-dist/tex/generic/pgf/math/pgfmathfunctions.integerarithm
etics.code.tex)))
(c:/texlive/2015/texmf-dist/tex/generic/pgf/math/pgfmathfloat.code.tex
\c@pgfmathroundto@lastzeros=\count116
))
(c:/texlive/2015/texmf-dist/tex/generic/pgf/basiclayer/pgfcorepoints.code.tex
File: pgfcorepoints.code.tex 2013/10/07  (rcs-revision 1.27)
\pgf@picminx=\dimen143
\pgf@picmaxx=\dimen144
\pgf@picminy=\dimen145
\pgf@picmaxy=\dimen146
\pgf@pathminx=\dimen147
\pgf@pathmaxx=\dimen148
\pgf@pathminy=\dimen149
\pgf@pathmaxy=\dimen150
\pgf@xx=\dimen151
\pgf@xy=\dimen152
\pgf@yx=\dimen153
\pgf@yy=\dimen154
\pgf@zx=\dimen155
\pgf@zy=\dimen156
)
(c:/texlive/2015/texmf-dist/tex/generic/pgf/basiclayer/pgfcorepathconstruct.cod
e.tex
File: pgfcorepathconstruct.code.tex 2013/10/07  (rcs-revision 1.29)
\pgf@path@lastx=\dimen157
\pgf@path@lasty=\dimen158
)
(c:/texlive/2015/texmf-dist/tex/generic/pgf/basiclayer/pgfcorepathusage.code.te
x
File: pgfcorepathusage.code.tex 2014/11/02  (rcs-revision 1.24)
\pgf@shorten@end@additional=\dimen159
\pgf@shorten@start@additional=\dimen160
)
(c:/texlive/2015/texmf-dist/tex/generic/pgf/basiclayer/pgfcorescopes.code.tex
File: pgfcorescopes.code.tex 2015/05/08  (rcs-revision 1.46)
\pgfpic=\box31
\pgf@hbox=\box32
\pgf@layerbox@main=\box33
\pgf@picture@serial@count=\count117
)
(c:/texlive/2015/texmf-dist/tex/generic/pgf/basiclayer/pgfcoregraphicstate.code
.tex
File: pgfcoregraphicstate.code.tex 2014/11/02  (rcs-revision 1.12)
\pgflinewidth=\dimen161
)
(c:/texlive/2015/texmf-dist/tex/generic/pgf/basiclayer/pgfcoretransformations.c
ode.tex
File: pgfcoretransformations.code.tex 2015/08/07  (rcs-revision 1.20)
\pgf@pt@x=\dimen162
\pgf@pt@y=\dimen163
\pgf@pt@temp=\dimen164
)
(c:/texlive/2015/texmf-dist/tex/generic/pgf/basiclayer/pgfcorequick.code.tex
File: pgfcorequick.code.tex 2008/10/09  (rcs-revision 1.3)
)
(c:/texlive/2015/texmf-dist/tex/generic/pgf/basiclayer/pgfcoreobjects.code.tex
File: pgfcoreobjects.code.tex 2006/10/11  (rcs-revision 1.2)
)
(c:/texlive/2015/texmf-dist/tex/generic/pgf/basiclayer/pgfcorepathprocessing.co
de.tex
File: pgfcorepathprocessing.code.tex 2013/09/09  (rcs-revision 1.9)
)
(c:/texlive/2015/texmf-dist/tex/generic/pgf/basiclayer/pgfcorearrows.code.tex
File: pgfcorearrows.code.tex 2015/05/14  (rcs-revision 1.43)
\pgfarrowsep=\dimen165
)
(c:/texlive/2015/texmf-dist/tex/generic/pgf/basiclayer/pgfcoreshade.code.tex
File: pgfcoreshade.code.tex 2013/07/15  (rcs-revision 1.15)
\pgf@max=\dimen166
\pgf@sys@shading@range@num=\count118
)
(c:/texlive/2015/texmf-dist/tex/generic/pgf/basiclayer/pgfcoreimage.code.tex
File: pgfcoreimage.code.tex 2013/07/15  (rcs-revision 1.18)

(c:/texlive/2015/texmf-dist/tex/generic/pgf/basiclayer/pgfcoreexternal.code.tex
File: pgfcoreexternal.code.tex 2014/07/09  (rcs-revision 1.21)
\pgfexternal@startupbox=\box34
))
(c:/texlive/2015/texmf-dist/tex/generic/pgf/basiclayer/pgfcorelayers.code.tex
File: pgfcorelayers.code.tex 2013/07/18  (rcs-revision 1.7)
)
(c:/texlive/2015/texmf-dist/tex/generic/pgf/basiclayer/pgfcoretransparency.code
.tex
File: pgfcoretransparency.code.tex 2013/09/30  (rcs-revision 1.5)
)
(c:/texlive/2015/texmf-dist/tex/generic/pgf/basiclayer/pgfcorepatterns.code.tex
File: pgfcorepatterns.code.tex 2013/11/07  (rcs-revision 1.5)
)))
(c:/texlive/2015/texmf-dist/tex/generic/pgf/modules/pgfmoduleshapes.code.tex
File: pgfmoduleshapes.code.tex 2014/03/21  (rcs-revision 1.35)
\pgfnodeparttextbox=\box35
)
(c:/texlive/2015/texmf-dist/tex/generic/pgf/modules/pgfmoduleplot.code.tex
File: pgfmoduleplot.code.tex 2015/08/03  (rcs-revision 1.13)
)
(c:/texlive/2015/texmf-dist/tex/latex/pgf/compatibility/pgfcomp-version-0-65.st
y
Package: pgfcomp-version-0-65 2007/07/03 v3.0.1a (rcs-revision 1.7)
\pgf@nodesepstart=\dimen167
\pgf@nodesepend=\dimen168
)
(c:/texlive/2015/texmf-dist/tex/latex/pgf/compatibility/pgfcomp-version-1-18.st
y
Package: pgfcomp-version-1-18 2007/07/23 v3.0.1a (rcs-revision 1.1)
)) (c:/texlive/2015/texmf-dist/tex/latex/pgf/utilities/pgffor.sty
(c:/texlive/2015/texmf-dist/tex/latex/pgf/utilities/pgfkeys.sty
(c:/texlive/2015/texmf-dist/tex/generic/pgf/utilities/pgfkeys.code.tex))
(c:/texlive/2015/texmf-dist/tex/latex/pgf/math/pgfmath.sty
(c:/texlive/2015/texmf-dist/tex/generic/pgf/math/pgfmath.code.tex))
(c:/texlive/2015/texmf-dist/tex/generic/pgf/utilities/pgffor.code.tex
Package: pgffor 2013/12/13 v3.0.1a (rcs-revision 1.25)

(c:/texlive/2015/texmf-dist/tex/generic/pgf/math/pgfmath.code.tex)
\pgffor@iter=\dimen169
\pgffor@skip=\dimen170
\pgffor@stack=\toks38
\pgffor@toks=\toks39
))
(c:/texlive/2015/texmf-dist/tex/generic/pgf/frontendlayer/tikz/tikz.code.tex
Package: tikz 2015/08/07 v3.0.1a (rcs-revision 1.151)

(c:/texlive/2015/texmf-dist/tex/generic/pgf/libraries/pgflibraryplothandlers.co
de.tex
File: pgflibraryplothandlers.code.tex 2013/08/31 v3.0.1a (rcs-revision 1.20)
\pgf@plot@mark@count=\count119
\pgfplotmarksize=\dimen171
)
\tikz@lastx=\dimen172
\tikz@lasty=\dimen173
\tikz@lastxsaved=\dimen174
\tikz@lastysaved=\dimen175
\tikzleveldistance=\dimen176
\tikzsiblingdistance=\dimen177
\tikz@figbox=\box36
\tikz@figbox@bg=\box37
\tikz@tempbox=\box38
\tikz@tempbox@bg=\box39
\tikztreelevel=\count120
\tikznumberofchildren=\count121
\tikznumberofcurrentchild=\count122
\tikz@fig@count=\count123

(c:/texlive/2015/texmf-dist/tex/generic/pgf/modules/pgfmodulematrix.code.tex
File: pgfmodulematrix.code.tex 2013/09/17  (rcs-revision 1.8)
\pgfmatrixcurrentrow=\count124
\pgfmatrixcurrentcolumn=\count125
\pgf@matrix@numberofcolumns=\count126
)
\tikz@expandcount=\count127

(c:/texlive/2015/texmf-dist/tex/generic/pgf/frontendlayer/tikz/libraries/tikzli
brarytopaths.code.tex
File: tikzlibrarytopaths.code.tex 2008/06/17 v3.0.1a (rcs-revision 1.2)
)))
(c:/texlive/2015/texmf-dist/tex/generic/pgf/frontendlayer/tikz/libraries/tikzli
brarypositioning.code.tex
File: tikzlibrarypositioning.code.tex 2008/10/06 v3.0.1a (rcs-revision 1.7)
)
\c@@todonotes@numberoftodonotes=\count128
)
(c:/texlive/2015/texmf-dist/tex/latex/enumitem/enumitem.sty
Package: enumitem 2011/09/28 v3.5.2 Customized lists
\labelindent=\skip55
\enit@outerparindent=\dimen178
\enit@toks=\toks40
\enit@inbox=\box40
\enitdp@description=\count129
)
(c:/texlive/2015/texmf-dist/tex/generic/xypic/xy.sty
(c:/texlive/2015/texmf-dist/tex/generic/xypic/xy.tex Bootstrap'ing: catcodes,
docmode, (c:/texlive/2015/texmf-dist/tex/generic/xypic/xyrecat.tex)
(c:/texlive/2015/texmf-dist/tex/generic/xypic/xyidioms.tex)

 Xy-pic version 3.8.9 <2013/10/06>
 Copyright (c) 1991-2013 by Kristoffer H. Rose <krisrose@tug.org> and others
 Xy-pic is free software: see the User's Guide for details.

Loading kernel: messages; fonts; allocations: state,
\X@c=\dimen179
\Y@c=\dimen180
\U@c=\dimen181
\D@c=\dimen182
\L@c=\dimen183
\R@c=\dimen184
\Edge@c=\toks41
\X@p=\dimen185
\Y@p=\dimen186
\U@p=\dimen187
\D@p=\dimen188
\L@p=\dimen189
\R@p=\dimen190
\Edge@p=\toks42
\X@origin=\dimen191
\Y@origin=\dimen192
\X@xbase=\dimen193
\Y@xbase=\dimen194
\X@ybase=\dimen195
\Y@ybase=\dimen196
\X@min=\dimen197
\Y@min=\dimen198
\X@max=\dimen256
\Y@max=\dimen257
\lastobjectbox@=\box41
\zerodotbox@=\box42
\almostz@=\dimen258
 direction,
\d@X=\dimen259
\d@Y=\dimen260
\K@=\count130
\KK@=\count131
\Direction=\count132
\K@dXdY=\dimen261
\K@dYdX=\dimen262
\xyread@=\read2
\xywrite@=\write5
\csp@=\count133
\quotPTK@=\dimen263

utility macros; pictures: \xy, positions,
\swaptoks@@=\toks43
\connectobjectbox@@=\box43
 objects,
\styletoks@=\toks44
 decorations;
kernel objects: directionals, circles, text; options; algorithms: directions,
edges, connections;  Xy-pic loaded)
(c:/texlive/2015/texmf-dist/tex/generic/oberdiek/ifpdf.sty
Package: ifpdf 2011/01/30 v2.3 Provides the ifpdf switch (HO)
Package ifpdf Info: pdfTeX in PDF mode is detected.
)
Package: xy 2013/10/06 Xy-pic version 3.8.9

(c:/texlive/2015/texmf-dist/tex/generic/xypic/xyall.tex
 Xy-pic option: All features v.3.8
(c:/texlive/2015/texmf-dist/tex/generic/xypic/xycurve.tex
 Xy-pic option: Curve and Spline extension v.3.12 curve,
\crv@cnt@=\count134
\crvpts@=\toks45
\splinebox@=\box44
\splineval@=\dimen264
\splinedepth@=\dimen265
\splinetol@=\dimen266
\splinelength@=\dimen267
 circles,
\L@=\dimen268
 loaded)
(c:/texlive/2015/texmf-dist/tex/generic/xypic/xyframe.tex
 Xy-pic option: Frame and Bracket extension v.3.14 loaded)
(c:/texlive/2015/texmf-dist/tex/generic/xypic/xycmtip.tex
 Xy-pic option: Computer Modern tip extension v.3.7
(c:/texlive/2015/texmf-dist/tex/generic/xypic/xytips.tex
 Xy-pic option: More Tips extension v.3.11 loaded) loaded)
(c:/texlive/2015/texmf-dist/tex/generic/xypic/xyline.tex
 Xy-pic option: Line styles extension v.3.10
\xylinethick@=\dimen269
 loaded)
(c:/texlive/2015/texmf-dist/tex/generic/xypic/xyrotate.tex
 Xy-pic option: Rotate and Scale extension v.3.8 loaded)
(c:/texlive/2015/texmf-dist/tex/generic/xypic/xycolor.tex
 Xy-pic option: Colour extension v.3.11 loaded)
(c:/texlive/2015/texmf-dist/tex/generic/xypic/xymatrix.tex
 Xy-pic option: Matrix feature v.3.14
\Row=\count135
\Col=\count136
\queue@=\toks46
\queue@@=\toks47
\qcount@=\count137
\qcount@@=\count138
\matrixsize@=\count139
 loaded)
(c:/texlive/2015/texmf-dist/tex/generic/xypic/xyarrow.tex
 Xy-pic option: Arrow and Path feature v.3.9 path, \ar, loaded)
(c:/texlive/2015/texmf-dist/tex/generic/xypic/xygraph.tex
 Xy-pic option: Graph feature v.3.11 loaded) loaded)
(c:/texlive/2015/texmf-dist/tex/generic/xypic/xy2cell.tex
 Xy-pic option: Two-cell feature v.3.7 two-cells, loaded)
(c:/texlive/2015/texmf-dist/tex/generic/xypic/xypdf.tex
 Xy-pic option: PDF driver v.1.7 Xy-pic pdf driver: `color' extension support
(c:/texlive/2015/texmf-dist/tex/generic/xypic/xypdf-co.tex loaded)
Xy-pic pdf driver: `curve' extension support
(c:/texlive/2015/texmf-dist/tex/generic/xypic/xypdf-cu.tex loaded)
Xy-pic pdf driver: `frame' extension support
(c:/texlive/2015/texmf-dist/tex/generic/xypic/xypdf-fr.tex loaded)
Xy-pic pdf driver: `line' extension support
(c:/texlive/2015/texmf-dist/tex/generic/xypic/xypdf-li.tex loaded)
Xy-pic pdf driver: `rotate' extension support
(c:/texlive/2015/texmf-dist/tex/generic/xypic/xypdf-ro.tex loaded) loaded))
(c:/texlive/2015/texmf-dist/tex/generic/pgf/frontendlayer/tikz/libraries/tikzli
brarymatrix.code.tex
File: tikzlibrarymatrix.code.tex 2013/07/12 v3.0.1a (rcs-revision 1.4)
)
(c:/texlive/2015/texmf-dist/tex/generic/pgf/frontendlayer/tikz/libraries/tikzli
braryarrows.code.tex
File: tikzlibraryarrows.code.tex 2008/01/09 v3.0.1a (rcs-revision 1.1)

(c:/texlive/2015/texmf-dist/tex/generic/pgf/libraries/pgflibraryarrows.code.tex
File: pgflibraryarrows.code.tex 2013/09/23 v3.0.1a (rcs-revision 1.16)
\arrowsize=\dimen270
))
(c:/texlive/2015/texmf-dist/tex/generic/pgf/frontendlayer/tikz/libraries/tikzli
braryshapes.code.tex
File: tikzlibraryshapes.code.tex 2008/01/09 v3.0.1a (rcs-revision 1.1)

(c:/texlive/2015/texmf-dist/tex/generic/pgf/frontendlayer/tikz/libraries/tikzli
braryshapes.geometric.code.tex
File: tikzlibraryshapes.geometric.code.tex 2008/01/09 v3.0.1a (rcs-revision 1.1
)

(c:/texlive/2015/texmf-dist/tex/generic/pgf/libraries/shapes/pgflibraryshapes.g
eometric.code.tex
File: pgflibraryshapes.geometric.code.tex 2008/06/26 v3.0.1a (rcs-revision 1.1)

))
(c:/texlive/2015/texmf-dist/tex/generic/pgf/frontendlayer/tikz/libraries/tikzli
braryshapes.misc.code.tex
File: tikzlibraryshapes.misc.code.tex 2008/01/09 v3.0.1a (rcs-revision 1.1)

(c:/texlive/2015/texmf-dist/tex/generic/pgf/libraries/shapes/pgflibraryshapes.m
isc.code.tex
File: pgflibraryshapes.misc.code.tex 2013/07/18 v3.0.1a (rcs-revision 1.5)
))
(c:/texlive/2015/texmf-dist/tex/generic/pgf/frontendlayer/tikz/libraries/tikzli
braryshapes.symbols.code.tex
File: tikzlibraryshapes.symbols.code.tex 2008/01/09 v3.0.1a (rcs-revision 1.1)

(c:/texlive/2015/texmf-dist/tex/generic/pgf/libraries/shapes/pgflibraryshapes.s
ymbols.code.tex
File: pgflibraryshapes.symbols.code.tex 2013/09/11 v3.0.1a (rcs-revision 1.6)
))
(c:/texlive/2015/texmf-dist/tex/generic/pgf/frontendlayer/tikz/libraries/tikzli
braryshapes.arrows.code.tex
File: tikzlibraryshapes.arrows.code.tex 2008/01/09 v3.0.1a (rcs-revision 1.1)

(c:/texlive/2015/texmf-dist/tex/generic/pgf/libraries/shapes/pgflibraryshapes.a
rrows.code.tex
File: pgflibraryshapes.arrows.code.tex 2008/06/26 v3.0.1a (rcs-revision 1.1)
))
(c:/texlive/2015/texmf-dist/tex/generic/pgf/frontendlayer/tikz/libraries/tikzli
braryshapes.callouts.code.tex
(c:/texlive/2015/texmf-dist/tex/generic/pgf/libraries/shapes/pgflibraryshapes.c
allouts.code.tex))
(c:/texlive/2015/texmf-dist/tex/generic/pgf/frontendlayer/tikz/libraries/tikzli
braryshapes.multipart.code.tex
File: tikzlibraryshapes.multipart.code.tex 2008/01/09 v3.0.1a (rcs-revision 1.1
)

(c:/texlive/2015/texmf-dist/tex/generic/pgf/libraries/shapes/pgflibraryshapes.m
ultipart.code.tex
File: pgflibraryshapes.multipart.code.tex 2010/01/07 v3.0.1a (rcs-revision 1.2)

\pgfnodepartlowerbox=\box45
\pgfnodeparttwobox=\box46
\pgfnodepartthreebox=\box47
\pgfnodepartfourbox=\box48
\pgfnodeparttwentybox=\box49
\pgfnodepartnineteenbox=\box50
\pgfnodeparteighteenbox=\box51
\pgfnodepartseventeenbox=\box52
\pgfnodepartsixteenbox=\box53
\pgfnodepartfifteenbox=\box54
\pgfnodepartfourteenbox=\box55
\pgfnodepartthirteenbox=\box56
\pgfnodeparttwelvebox=\box57
\pgfnodepartelevenbox=\box58
\pgfnodeparttenbox=\box59
\pgfnodepartninebox=\box60
\pgfnodeparteightbox=\box61
\pgfnodepartsevenbox=\box62
\pgfnodepartsixbox=\box63
\pgfnodepartfivebox=\box64
)))
(c:/texlive/2015/texmf-dist/tex/generic/pgf/frontendlayer/tikz/libraries/tikzli
brarydecorations.markings.code.tex
(c:/texlive/2015/texmf-dist/tex/generic/pgf/frontendlayer/tikz/libraries/tikzli
brarydecorations.code.tex
(c:/texlive/2015/texmf-dist/tex/generic/pgf/modules/pgfmoduledecorations.code.t
ex
\pgfdecoratedcompleteddistance=\dimen271
\pgfdecoratedremainingdistance=\dimen272
\pgfdecoratedinputsegmentcompleteddistance=\dimen273
\pgfdecoratedinputsegmentremainingdistance=\dimen274
\pgf@decorate@distancetomove=\dimen275
\pgf@decorate@repeatstate=\count140
\pgfdecorationsegmentamplitude=\dimen276
\pgfdecorationsegmentlength=\dimen277
)
\tikz@lib@dec@box=\box65
)
(c:/texlive/2015/texmf-dist/tex/generic/pgf/libraries/decorations/pgflibrarydec
orations.markings.code.tex))
(c:/texlive/2015/texmf-dist/tex/generic/pgf/frontendlayer/tikz/libraries/tikzli
brarydecorations.pathreplacing.code.tex
(c:/texlive/2015/texmf-dist/tex/generic/pgf/libraries/decorations/pgflibrarydec
orations.pathreplacing.code.tex))
(c:/texlive/2015/texmf-dist/tex/latex/hyperref/hyperref.sty
Package: hyperref 2012/11/06 v6.83m Hypertext links for LaTeX

(c:/texlive/2015/texmf-dist/tex/generic/oberdiek/hobsub-hyperref.sty
Package: hobsub-hyperref 2012/05/28 v1.13 Bundle oberdiek, subset hyperref (HO)


(c:/texlive/2015/texmf-dist/tex/generic/oberdiek/hobsub-generic.sty
Package: hobsub-generic 2012/05/28 v1.13 Bundle oberdiek, subset generic (HO)
Package: hobsub 2012/05/28 v1.13 Construct package bundles (HO)
Package hobsub Info: Skipping package `infwarerr' (already loaded).
Package hobsub Info: Skipping package `ltxcmds' (already loaded).
Package: ifluatex 2010/03/01 v1.3 Provides the ifluatex switch (HO)
Package ifluatex Info: LuaTeX not detected.
Package: ifvtex 2010/03/01 v1.5 Detect VTeX and its facilities (HO)
Package ifvtex Info: VTeX not detected.
Package: intcalc 2007/09/27 v1.1 Expandable calculations with integers (HO)
Package hobsub Info: Skipping package `ifpdf' (already loaded).
Package: etexcmds 2011/02/16 v1.5 Avoid name clashes with e-TeX commands (HO)
Package etexcmds Info: Could not find \expanded.
(etexcmds)             That can mean that you are not using pdfTeX 1.50 or
(etexcmds)             that some package has redefined \expanded.
(etexcmds)             In the latter case, load this package earlier.
Package: kvsetkeys 2012/04/25 v1.16 Key value parser (HO)
Package: kvdefinekeys 2011/04/07 v1.3 Define keys (HO)
Package: pdftexcmds 2011/11/29 v0.20 Utility functions of pdfTeX for LuaTeX (HO
)
Package pdftexcmds Info: LuaTeX not detected.
Package pdftexcmds Info: \pdf@primitive is available.
Package pdftexcmds Info: \pdf@ifprimitive is available.
Package pdftexcmds Info: \pdfdraftmode found.
Package: pdfescape 2011/11/25 v1.13 Implements pdfTeX's escape features (HO)
Package: bigintcalc 2012/04/08 v1.3 Expandable calculations on big integers (HO
)
Package: bitset 2011/01/30 v1.1 Handle bit-vector datatype (HO)
Package: uniquecounter 2011/01/30 v1.2 Provide unlimited unique counter (HO)
)
Package hobsub Info: Skipping package `hobsub' (already loaded).
Package: letltxmacro 2010/09/02 v1.4 Let assignment for LaTeX macros (HO)
Package: hopatch 2012/05/28 v1.2 Wrapper for package hooks (HO)
Package: xcolor-patch 2011/01/30 xcolor patch
Package: atveryend 2011/06/30 v1.8 Hooks at the very end of document (HO)
Package: atbegshi 2011/10/05 v1.16 At begin shipout hook (HO)
Package: refcount 2011/10/16 v3.4 Data extraction from label references (HO)
Package: hycolor 2011/01/30 v1.7 Color options for hyperref/bookmark (HO)
)
(c:/texlive/2015/texmf-dist/tex/generic/ifxetex/ifxetex.sty
Package: ifxetex 2010/09/12 v0.6 Provides ifxetex conditional
)
(c:/texlive/2015/texmf-dist/tex/latex/oberdiek/auxhook.sty
Package: auxhook 2011/03/04 v1.3 Hooks for auxiliary files (HO)
)
(c:/texlive/2015/texmf-dist/tex/latex/oberdiek/kvoptions.sty
Package: kvoptions 2011/06/30 v3.11 Key value format for package options (HO)
)
\@linkdim=\dimen278
\Hy@linkcounter=\count141
\Hy@pagecounter=\count142

(c:/texlive/2015/texmf-dist/tex/latex/hyperref/pd1enc.def
File: pd1enc.def 2012/11/06 v6.83m Hyperref: PDFDocEncoding definition (HO)
)
\Hy@SavedSpaceFactor=\count143

(c:/texlive/2015/texmf-dist/tex/latex/latexconfig/hyperref.cfg
File: hyperref.cfg 2002/06/06 v1.2 hyperref configuration of TeXLive
)
Package hyperref Info: Hyper figures OFF on input line 4443.
Package hyperref Info: Link nesting OFF on input line 4448.
Package hyperref Info: Hyper index ON on input line 4451.
Package hyperref Info: Plain pages OFF on input line 4458.
Package hyperref Info: Backreferencing OFF on input line 4463.
Package hyperref Info: Implicit mode ON; LaTeX internals redefined.
Package hyperref Info: Bookmarks ON on input line 4688.
\c@Hy@tempcnt=\count144

(c:/texlive/2015/texmf-dist/tex/latex/url/url.sty
\Urlmuskip=\muskip11
Package: url 2013/09/16  ver 3.4  Verb mode for urls, etc.
)
LaTeX Info: Redefining \url on input line 5041.
\XeTeXLinkMargin=\dimen279
\Fld@menulength=\count145
\Field@Width=\dimen280
\Fld@charsize=\dimen281
Package hyperref Info: Hyper figures OFF on input line 6295.
Package hyperref Info: Link nesting OFF on input line 6300.
Package hyperref Info: Hyper index ON on input line 6303.
Package hyperref Info: backreferencing OFF on input line 6310.
Package hyperref Info: Link coloring OFF on input line 6315.
Package hyperref Info: Link coloring with OCG OFF on input line 6320.
Package hyperref Info: PDF/A mode OFF on input line 6325.
LaTeX Info: Redefining \ref on input line 6365.
LaTeX Info: Redefining \pageref on input line 6369.
\Hy@abspage=\count146
\c@Item=\count147
\c@Hfootnote=\count148
)

Package hyperref Message: Driver (autodetected): hpdftex.

(c:/texlive/2015/texmf-dist/tex/latex/hyperref/hpdftex.def
File: hpdftex.def 2012/11/06 v6.83m Hyperref driver for pdfTeX
\Fld@listcount=\count149
\c@bookmark@seq@number=\count150

(c:/texlive/2015/texmf-dist/tex/latex/oberdiek/rerunfilecheck.sty
Package: rerunfilecheck 2011/04/15 v1.7 Rerun checks for auxiliary files (HO)
Package uniquecounter Info: New unique counter `rerunfilecheck' on input line 2
82.
)
\Hy@SectionHShift=\skip56
)
Package hyperref Info: Option `colorlinks' set `true' on input line 52.
\c@thm=\count151

(./Categorifying the zx-calculus__(c).aux)
\openout1 = `"Categorifying the zx-calculus__(c).aux"'.

LaTeX Font Info:    Checking defaults for OML/cmm/m/it on input line 155.
LaTeX Font Info:    ... okay on input line 155.
LaTeX Font Info:    Checking defaults for T1/cmr/m/n on input line 155.
LaTeX Font Info:    ... okay on input line 155.
LaTeX Font Info:    Checking defaults for OT1/cmr/m/n on input line 155.
LaTeX Font Info:    ... okay on input line 155.
LaTeX Font Info:    Checking defaults for OMS/cmsy/m/n on input line 155.
LaTeX Font Info:    ... okay on input line 155.
LaTeX Font Info:    Checking defaults for OMX/cmex/m/n on input line 155.
LaTeX Font Info:    ... okay on input line 155.
LaTeX Font Info:    Checking defaults for U/cmr/m/n on input line 155.
LaTeX Font Info:    ... okay on input line 155.
LaTeX Font Info:    Checking defaults for PD1/pdf/m/n on input line 155.
LaTeX Font Info:    ... okay on input line 155.
LaTeX Font Info:    Try loading font information for U+msa on input line 155.

(c:/texlive/2015/texmf-dist/tex/latex/amsfonts/umsa.fd
File: umsa.fd 2013/01/14 v3.01 AMS symbols A
)
LaTeX Font Info:    Try loading font information for U+msb on input line 155.

(c:/texlive/2015/texmf-dist/tex/latex/amsfonts/umsb.fd
File: umsb.fd 2013/01/14 v3.01 AMS symbols B
)
LaTeX Font Info:    Try loading font information for U+stmry on input line 155.


(c:/texlive/2015/texmf-dist/tex/latex/stmaryrd/ustmry.fd)
(c:/texlive/2015/texmf-dist/tex/context/base/supp-pdf.mkii
[Loading MPS to PDF converter (version 2006.09.02).]
\scratchcounter=\count152
\scratchdimen=\dimen282
\scratchbox=\box66
\nofMPsegments=\count153
\nofMParguments=\count154
\everyMPshowfont=\toks48
\MPscratchCnt=\count155
\MPscratchDim=\dimen283
\MPnumerator=\count156
\makeMPintoPDFobject=\count157
\everyMPtoPDFconversion=\toks49
) (c:/texlive/2015/texmf-dist/tex/latex/oberdiek/epstopdf-base.sty
Package: epstopdf-base 2010/02/09 v2.5 Base part for package epstopdf

(c:/texlive/2015/texmf-dist/tex/latex/oberdiek/grfext.sty
Package: grfext 2010/08/19 v1.1 Manage graphics extensions (HO)
)
Package grfext Info: Graphics extension search list:
(grfext)             [.png,.pdf,.jpg,.mps,.jpeg,.jbig2,.jb2,.PNG,.PDF,.JPG,.JPE
G,.JBIG2,.JB2,.eps]
(grfext)             \AppendGraphicsExtensions on input line 452.

(c:/texlive/2015/texmf-dist/tex/latex/latexconfig/epstopdf-sys.cfg
File: epstopdf-sys.cfg 2010/07/13 v1.3 Configuration of (r)epstopdf for TeX Liv
e
))
Package caption Info: Begin \AtBeginDocument code.
Package caption Info: hyperref package is loaded.
Package caption Info: End \AtBeginDocument code.

ABD: EveryShipout initializing macros
Package xypdf Info: Line width: 0.43799pt on input line 155.
\AtBeginShipoutBox=\box67
Package hyperref Info: Link coloring ON on input line 155.

(c:/texlive/2015/texmf-dist/tex/latex/hyperref/nameref.sty
Package: nameref 2012/10/27 v2.43 Cross-referencing by name of section

(c:/texlive/2015/texmf-dist/tex/generic/oberdiek/gettitlestring.sty
Package: gettitlestring 2010/12/03 v1.4 Cleanup title references (HO)
)
\c@section@level=\count158
)
LaTeX Info: Redefining \ref on input line 155.
LaTeX Info: Redefining \pageref on input line 155.
LaTeX Info: Redefining \nameref on input line 155.

(./Categorifying the zx-calculus__(c).out)
(./Categorifying the zx-calculus__(c).out)
\@outlinefile=\write6
\openout6 = `"Categorifying the zx-calculus__(c).out"'.


<generater_wire.pdf, id=48, 35.1182pt x 12.35616pt>
File: generater_wire.pdf Graphic file (type pdf)
 <use generater_wire.pdf>
Package pdftex.def Info: generater_wire.pdf used on input line 206.
(pdftex.def)             Requested size: 35.1181pt x 12.35611pt.

<generater_green_spider.pdf, id=49, 62.8488pt x 25.45007pt>
File: generater_green_spider.pdf Graphic file (type pdf)

<use generater_green_spider.pdf>
Package pdftex.def Info: generater_green_spider.pdf used on input line 206.
(pdftex.def)             Requested size: 62.84863pt x 25.45pt.

<generater_red_spider.pdf, id=50, 62.8488pt x 27.22571pt>
File: generater_red_spider.pdf Graphic file (type pdf)

<use generater_red_spider.pdf>
Package pdftex.def Info: generater_red_spider.pdf used on input line 206.
(pdftex.def)             Requested size: 62.84863pt x 27.22562pt.

<generater_hadamard.pdf, id=51, 40.80946pt x 7.4659pt>
File: generater_hadamard.pdf Graphic file (type pdf)

<use generater_hadamard.pdf>
Package pdftex.def Info: generater_hadamard.pdf used on input line 206.
(pdftex.def)             Requested size: 40.80934pt x 7.46585pt.

<generater_diamond.pdf, id=52, 10.83447pt x 10.83447pt>
File: generater_diamond.pdf Graphic file (type pdf)

<use generater_diamond.pdf>
Package pdftex.def Info: generater_diamond.pdf used on input line 206.
(pdftex.def)             Requested size: 10.83443pt x 10.83443pt.

Overfull \hbox (10.44998pt too wide) in paragraph at lines 206--207
 [][] 
 []

[1{c:/texlive/2015/texmf-var/fonts/map/pdftex/updmap/pdftex.map} <./generater_w
ire.pdf> <./generater_green_spider.pdf> <./generater_red_spider.pdf> <./generat
er_hadamard.pdf> <./generater_diamond.pdf>]
<diagram_span_cospans.pdf, id=109, 63.5715pt x 63.5715pt>
File: diagram_span_cospans.pdf Graphic file (type pdf)

<use diagram_span_cospans.pdf>
Package pdftex.def Info: diagram_span_cospans.pdf used on input line 225.
(pdftex.def)             Requested size: 63.57132pt x 63.57132pt.

<(scC)+(Map_of_Spans_of_Cospans).pdf, id=110, 70.26651pt x 70.26651pt>
File: (scC)+(Map_of_Spans_of_Cospans).pdf Graphic file (type pdf)

<use (scC)+(Map_of_Spans_of_Cospans).pdf>
Package pdftex.def Info: (scC)+(Map_of_Spans_of_Cospans).pdf used on input line
 225.
(pdftex.def)             Requested size: 70.26633pt x 70.26633pt.

Overfull \hbox (10.44998pt too wide) in paragraph at lines 225--226
 [][] 
 []

<graph_S_zx.pdf, id=112, 110.59317pt x 60.67468pt>
File: graph_S_zx.pdf Graphic file (type pdf)
 <use graph_S_zx.pdf>
Package pdftex.def Info: graph_S_zx.pdf used on input line 233.
(pdftex.def)             Requested size: 110.59288pt x 60.67451pt.

[2 <./diagram_span_cospans.pdf> <./(scC)+(Map_of_Spans_of_Cospans).pdf> <./grap
h_S_zx.pdf>] [3] <morphism_zx_braiding.pdf, id=163, 20.7164pt x 17.87177pt>
File: morphism_zx_braiding.pdf Graphic file (type pdf)

<use morphism_zx_braiding.pdf>
Package pdftex.def Info: morphism_zx_braiding.pdf used on input line 267.
(pdftex.def)             Requested size: 20.71634pt x 17.8717pt.

<morphism_zx_evaluation.pdf, id=164, 37.41579pt x 52.19098pt>
File: morphism_zx_evaluation.pdf Graphic file (type pdf)

<use morphism_zx_evaluation.pdf>
Package pdftex.def Info: morphism_zx_evaluation.pdf used on input line 271.
(pdftex.def)             Requested size: 28.06175pt x 39.14313pt.

<morphism_zx_coevaluation.pdf, id=165, 37.41579pt x 52.19098pt>
File: morphism_zx_coevaluation.pdf Graphic file (type pdf)

<use morphism_zx_coevaluation.pdf>
Package pdftex.def Info: morphism_zx_coevaluation.pdf used on input line 275.
(pdftex.def)             Requested size: 28.06175pt x 39.14313pt.

<functor_dagger.pdf, id=166, 132.9788pt x 29.0154pt>
File: functor_dagger.pdf Graphic file (type pdf)
 <use functor_dagger.pdf>
Package pdftex.def Info: functor_dagger.pdf used on input line 279.
(pdftex.def)             Requested size: 132.97847pt x 29.01532pt.

<equation_spider.pdf, id=167, 178.49687pt x 55.21428pt>
File: equation_spider.pdf Graphic file (type pdf)

<use equation_spider.pdf>
Package pdftex.def Info: equation_spider.pdf used on input line 356.
(pdftex.def)             Requested size: 178.49643pt x 55.21413pt.

Overfull \hbox (19.50487pt too wide) in paragraph at lines 356--356
 [][] 
 []

<equation_bialgebra.pdf, id=168, 134.70325pt x 44.37077pt>
File: equation_bialgebra.pdf Graphic file (type pdf)

<use equation_bialgebra.pdf>
Package pdftex.def Info: equation_bialgebra.pdf used on input line 356.
(pdftex.def)             Requested size: 134.7029pt x 44.37065pt.

<equation_cup.pdf, id=169, 50.54785pt x 23.73769pt>
File: equation_cup.pdf Graphic file (type pdf)
 <use equation_cup.pdf>
Package pdftex.def Info: equation_cup.pdf used on input line 356.
(pdftex.def)             Requested size: 50.54771pt x 23.73761pt.

<equation_copy.pdf, id=170, 79.57831pt x 34.05423pt>
File: equation_copy.pdf Graphic file (type pdf)
 <use equation_copy.pdf>
Package pdftex.def Info: equation_copy.pdf used on input line 356.
(pdftex.def)             Requested size: 79.57811pt x 34.05412pt.

<equation_trivial_spider.pdf, id=171, 86.33354pt x 10.33461pt>
File: equation_trivial_spider.pdf Graphic file (type pdf)

<use equation_trivial_spider.pdf>
Package pdftex.def Info: equation_trivial_spider.pdf used on input line 356.
(pdftex.def)             Requested size: 86.33333pt x 10.33458pt.

<equation_pi_copy.pdf, id=172, 141.10918pt x 42.4004pt>
File: equation_pi_copy.pdf Graphic file (type pdf)

<use equation_pi_copy.pdf>
Package pdftex.def Info: equation_pi_copy.pdf used on input line 356.
(pdftex.def)             Requested size: 141.10883pt x 42.40028pt.

Overfull \hbox (9.93805pt too wide) in paragraph at lines 356--356
 [][] 
 []

<equation_pi_commutation.pdf, id=173, 120.4771pt x 19.76985pt>
File: equation_pi_commutation.pdf Graphic file (type pdf)

<use equation_pi_commutation.pdf>
Package pdftex.def Info: equation_pi_commutation.pdf used on input line 356.
(pdftex.def)             Requested size: 120.47679pt x 19.76979pt.

<equation_loop.pdf, id=174, 55.01453pt x 16.33403pt>
File: equation_loop.pdf Graphic file (type pdf)
 <use equation_loop.pdf>
Package pdftex.def Info: equation_loop.pdf used on input line 356.
(pdftex.def)             Requested size: 55.01437pt x 16.33398pt.

<equation_color_change.pdf, id=175, 162.43385pt x 25.84958pt>
File: equation_color_change.pdf Graphic file (type pdf)

<use equation_color_change.pdf>
Package pdftex.def Info: equation_color_change.pdf used on input line 356.
(pdftex.def)             Requested size: 162.43344pt x 25.8495pt.

Overfull \hbox (3.44188pt too wide) in paragraph at lines 356--356
 [][] 
 []

<equation_diamond.pdf, id=176, 50.36516pt x 10.83447pt>
File: equation_diamond.pdf Graphic file (type pdf)

<use equation_diamond.pdf>
Package pdftex.def Info: equation_diamond.pdf used on input line 356.
(pdftex.def)             Requested size: 50.36502pt x 10.83443pt.

Overfull \hbox (14.09998pt too wide) in paragraph at lines 356--357
 [][] 
 []


LaTeX Warning: `h' float specifier changed to `ht'.

[4 <./morphism_zx_braiding.pdf> <./morphism_zx_evaluation.pdf> <./morphism_zx_c
oevaluation.pdf> <./functor_dagger.pdf>] [5 <./equation_spider.pdf> <./equation
_bialgebra.pdf> <./equation_cup.pdf> <./equation_copy.pdf> <./equation_trivial_
spider.pdf> <./equation_pi_copy.pdf> <./equation_pi_commutation.pdf> <./equatio
n_loop.pdf> <./equation_color_change.pdf> <./equation_diamond.pdf>]
<example_open_graph_1.pdf, id=291, 67.78123pt x 43.07895pt>
File: example_open_graph_1.pdf Graphic file (type pdf)

<use example_open_graph_1.pdf>
Package pdftex.def Info: example_open_graph_1.pdf used on input line 377.
(pdftex.def)             Requested size: 67.78105pt x 43.07883pt.

<example_open_graph_3.pdf, id=292, 67.78123pt x 51.61484pt>
File: example_open_graph_3.pdf Graphic file (type pdf)

<use example_open_graph_3.pdf>
Package pdftex.def Info: example_open_graph_3.pdf used on input line 381.
(pdftex.def)             Requested size: 67.78105pt x 51.6147pt.

<example_open_graph_4.pdf, id=293, 101.92378pt x 51.61484pt>
File: example_open_graph_4.pdf Graphic file (type pdf)

<use example_open_graph_4.pdf>
Package pdftex.def Info: example_open_graph_4.pdf used on input line 385.
(pdftex.def)             Requested size: 101.92352pt x 51.6147pt.
 [6 <./example_open_graph_1.pdf> <./example_open_graph_3.pdf> <./example_open_g
raph_4.pdf>]
<scC_horizontal_composition.pdf, id=321, 229.40004pt x 68.58324pt>
File: scC_horizontal_composition.pdf Graphic file (type pdf)

<use scC_horizontal_composition.pdf>
Package pdftex.def Info: scC_horizontal_composition.pdf used on input line 426.

(pdftex.def)             Requested size: 194.99094pt x 58.29602pt.

<scC_vertical_composition.pdf, id=322, 189.56622pt x 111.64009pt>
File: scC_vertical_composition.pdf Graphic file (type pdf)

<use scC_vertical_composition.pdf>
Package pdftex.def Info: scC_vertical_composition.pdf used on input line 426.
(pdftex.def)             Requested size: 161.13203pt x 94.89452pt.
 [7 <./scC_horizontal_composition.pdf> <./scC_vertical_composition.pdf>]

Package hyperref Warning: Token not allowed in a PDF string (PDFDocEncoding):
(hyperref)                removing `math shift' on input line 440.


Package hyperref Warning: Token not allowed in a PDF string (PDFDocEncoding):
(hyperref)                removing `subscript' on input line 440.


Package hyperref Warning: Token not allowed in a PDF string (PDFDocEncoding):
(hyperref)                removing `math shift' on input line 440.

File: graph_S_zx.pdf Graphic file (type pdf)
<use graph_S_zx.pdf>
Package pdftex.def Info: graph_S_zx.pdf used on input line 474.
(pdftex.def)             Requested size: 110.59288pt x 60.67451pt.
 <graph_over_Szx.pdf, id=375, 266.20152pt x 159.10843pt>
File: graph_over_Szx.pdf Graphic file (type pdf)

<use graph_over_Szx.pdf>
Package pdftex.def Info: graph_over_Szx.pdf used on input line 486.
(pdftex.def)             Requested size: 239.57915pt x 143.19624pt.

Underfull \vbox (badness 2865) has occurred while \output is active []

 [8]
<example_graph_over_Szx.pdf, id=386, 221.8428pt x 126.16736pt>
File: example_graph_over_Szx.pdf Graphic file (type pdf)

<use example_graph_over_Szx.pdf>
Package pdftex.def Info: example_graph_over_Szx.pdf used on input line 501.
(pdftex.def)             Requested size: 199.65666pt x 113.54955pt.

<example_zx_morphism_as_graph_over_Szx.pdf, id=387, 57.88124pt x 10.22821pt>
File: example_zx_morphism_as_graph_over_Szx.pdf Graphic file (type pdf)

<use example_zx_morphism_as_graph_over_Szx.pdf>
Package pdftex.def Info: example_zx_morphism_as_graph_over_Szx.pdf used on inpu
t line 505.
(pdftex.def)             Requested size: 57.88109pt x 10.22818pt.
 [9 <./graph_over_Szx.pdf> <./example_graph_over_Szx.pdf> <./example_zx_morphis
m_as_graph_over_Szx.pdf>]
<example_open_graph_over_Szx.pdf, id=435, 290.12894pt x 120.4771pt>
File: example_open_graph_over_Szx.pdf Graphic file (type pdf)

<use example_open_graph_over_Szx.pdf>
Package pdftex.def Info: example_open_graph_over_Szx.pdf used on input line 537
.
(pdftex.def)             Requested size: 261.11362pt x 108.42838pt.

<example_zx_morphism_as_open_graph_over_Szx.pdf, id=436, 142.54857pt x 20.20448
pt>
File: example_zx_morphism_as_open_graph_over_Szx.pdf Graphic file (type pdf)
 <use example_zx_morphism_as_open_graph_over_Szx.pdf>
Package pdftex.def Info: example_zx_morphism_as_open_graph_over_Szx.pdf used on
 input line 541.
(pdftex.def)             Requested size: 142.5482pt x 20.2044pt.
 [10 <./example_open_graph_over_Szx.pdf> <./example_zx_morphism_as_open_graph_o
ver_Szx.pdf>]

Package hyperref Warning: Token not allowed in a PDF string (PDFDocEncoding):
(hyperref)                removing `math shift' on input line 551.


Package hyperref Warning: Token not allowed in a PDF string (PDFDocEncoding):
(hyperref)                removing `math shift' on input line 551.

<1cell_zx_wire.pdf, id=468, 51.4994pt x 19.71666pt>
File: 1cell_zx_wire.pdf Graphic file (type pdf)
 <use 1cell_zx_wire.pdf>
Package pdftex.def Info: 1cell_zx_wire.pdf used on input line 584.
(pdftex.def)             Requested size: 51.49927pt x 19.7166pt.

<1cell_zx_hadamard.pdf, id=469, 51.4994pt x 20.22154pt>
File: 1cell_zx_hadamard.pdf Graphic file (type pdf)

<use 1cell_zx_hadamard.pdf>
Package pdftex.def Info: 1cell_zx_hadamard.pdf used on input line 584.
(pdftex.def)             Requested size: 51.49927pt x 20.22148pt.

<1cell_zx_diamond.pdf, id=470, 28.73737pt x 20.50862pt>
File: 1cell_zx_diamond.pdf Graphic file (type pdf)

<use 1cell_zx_diamond.pdf>
Package pdftex.def Info: 1cell_zx_diamond.pdf used on input line 584.
(pdftex.def)             Requested size: 28.73729pt x 20.50856pt.

<1cell_zx_green_spider.pdf, id=471, 74.1711pt x 37.17288pt>
File: 1cell_zx_green_spider.pdf Graphic file (type pdf)

<use 1cell_zx_green_spider.pdf>
Package pdftex.def Info: 1cell_zx_green_spider.pdf used on input line 584.
(pdftex.def)             Requested size: 74.17091pt x 37.17278pt.

<1cell_zx_red_spider.pdf, id=472, 74.1711pt x 37.17288pt>
File: 1cell_zx_red_spider.pdf Graphic file (type pdf)

<use 1cell_zx_red_spider.pdf>
Package pdftex.def Info: 1cell_zx_red_spider.pdf used on input line 584.
(pdftex.def)             Requested size: 74.17091pt x 37.17278pt.

Overfull \hbox (10.44998pt too wide) in paragraph at lines 584--585
 [][] 
 []

<2cell_wire_is_identity.pdf, id=475, 142.4562pt x 29.36772pt>
File: 2cell_wire_is_identity.pdf Graphic file (type pdf)

<use 2cell_wire_is_identity.pdf>
Package pdftex.def Info: 2cell_wire_is_identity.pdf used on input line 591.
(pdftex.def)             Requested size: 142.45586pt x 29.36763pt.
 [11 <./1cell_zx_wire.pdf> <./1cell_zx_hadamard.pdf> <./1cell_zx_diamond.pdf> <
./1cell_zx_green_spider.pdf> <./1cell_zx_red_spider.pdf>] <2cell_spider.pdf, id
=514, 326.63431pt x 73.7174pt>
File: 2cell_spider.pdf Graphic file (type pdf)

<use 2cell_spider.pdf>
Package pdftex.def Info: 2cell_spider.pdf used on input line 638.
(pdftex.def)             Requested size: 244.97511pt x 55.28792pt.
 <2cell_bialgebra.pdf, id=515, 210.74234pt x 58.36906pt>
File: 2cell_bialgebra.pdf Graphic file (type pdf)

<use 2cell_bialgebra.pdf>
Package pdftex.def Info: 2cell_bialgebra.pdf used on input line 638.
(pdftex.def)             Requested size: 158.05637pt x 43.77667pt.
 <2cell_cup.pdf, id=516, 139.70293pt x 40.74924pt>
File: 2cell_cup.pdf Graphic file (type pdf)

<use 2cell_cup.pdf>
Package pdftex.def Info: 2cell_cup.pdf used on input line 638.
(pdftex.def)             Requested size: 104.77693pt x 30.56184pt.
 <2cell_copy.pdf, id=517, 176.69212pt x 46.4395pt>
File: 2cell_copy.pdf Graphic file (type pdf)

<use 2cell_copy.pdf>
Package pdftex.def Info: 2cell_copy.pdf used on input line 638.
(pdftex.def)             Requested size: 132.51875pt x 34.82953pt.

<2cell_trivial_spider.pdf, id=518, 142.54857pt x 32.7614pt>
File: 2cell_trivial_spider.pdf Graphic file (type pdf)

<use 2cell_trivial_spider.pdf>
Package pdftex.def Info: 2cell_trivial_spider.pdf used on input line 638.
(pdftex.def)             Requested size: 106.91115pt x 24.57097pt.

<2cell_pi_copy.pdf, id=519, 229.70416pt x 46.4395pt>
File: 2cell_pi_copy.pdf Graphic file (type pdf)
 <use 2cell_pi_copy.pdf>
Package pdftex.def Info: 2cell_pi_copy.pdf used on input line 638.
(pdftex.def)             Requested size: 172.2777pt x 34.82953pt.

<2cell_pi_commutation.pdf, id=520, 216.52594pt x 33.65976pt>
File: 2cell_pi_commutation.pdf Graphic file (type pdf)

<use 2cell_pi_commutation.pdf>
Package pdftex.def Info: 2cell_pi_commutation.pdf used on input line 638.
(pdftex.def)             Requested size: 162.39404pt x 25.24475pt.

<2cell_color_change.pdf, id=521, 314.0332pt x 39.93419pt>
File: 2cell_color_change.pdf Graphic file (type pdf)

<use 2cell_color_change.pdf>
Package pdftex.def Info: 2cell_color_change.pdf used on input line 638.
(pdftex.def)             Requested size: 235.5243pt x 29.95056pt.

<2cell_loop.pdf, id=522, 142.54857pt x 37.90361pt>
File: 2cell_loop.pdf Graphic file (type pdf)
 <use 2cell_loop.pdf>
Package pdftex.def Info: 2cell_loop.pdf used on input line 638.
(pdftex.def)             Requested size: 106.91115pt x 28.42763pt.

<2cell_diamond.pdf, id=523, 142.54857pt x 37.90361pt>
File: 2cell_diamond.pdf Graphic file (type pdf)
 <use 2cell_diamond.pdf>
Package pdftex.def Info: 2cell_diamond.pdf used on input line 638.
(pdftex.def)             Requested size: 106.91115pt x 28.42763pt.

Overfull \hbox (10.44998pt too wide) in paragraph at lines 638--639
 [][] 
 []

<1cell_zx_braiding.pdf, id=524, 63.36272pt x 40.60068pt>
File: 1cell_zx_braiding.pdf Graphic file (type pdf)

<use 1cell_zx_braiding.pdf>
Package pdftex.def Info: 1cell_zx_braiding.pdf used on input line 657.
(pdftex.def)             Requested size: 47.52191pt x 30.45041pt.

<1cell_zx_evaluation.pdf, id=525, 59.60268pt x 43.44632pt>
File: 1cell_zx_evaluation.pdf Graphic file (type pdf)

<use 1cell_zx_evaluation.pdf>
Package pdftex.def Info: 1cell_zx_evaluation.pdf used on input line 657.
(pdftex.def)             Requested size: 44.70189pt x 32.58464pt.

<1cell_zx_coevaluation.pdf, id=526, 59.60268pt x 43.44632pt>
File: 1cell_zx_coevaluation.pdf Graphic file (type pdf)

<use 1cell_zx_coevaluation.pdf>
Package pdftex.def Info: 1cell_zx_coevaluation.pdf used on input line 657.
(pdftex.def)             Requested size: 44.70189pt x 32.58464pt.
 [12 <./2cell_wire_is_identity.pdf> <./2cell_spider.pdf> <./2cell_bialgebra.pdf
> <./2cell_cup.pdf> <./2cell_copy.pdf> <./2cell_trivial_spider.pdf> <./2cell_pi
_copy.pdf> <./2cell_pi_commutation.pdf> <./2cell_color_change.pdf> <./2cell_loo
p.pdf> <./2cell_diamond.pdf>]
<example_composing_spiders.pdf, id=620, 281.97647pt x 49.9205pt>
File: example_composing_spiders.pdf Graphic file (type pdf)

<use example_composing_spiders.pdf>
Package pdftex.def Info: example_composing_spiders.pdf used on input line 661.
(pdftex.def)             Requested size: 281.97577pt x 49.92036pt.

<diagram_tensor_spiders.pdf, id=621, 248.59576pt x 72.32019pt>
File: diagram_tensor_spiders.pdf Graphic file (type pdf)

<use diagram_tensor_spiders.pdf>
Package pdftex.def Info: diagram_tensor_spiders.pdf used on input line 665.
(pdftex.def)             Requested size: 248.59515pt x 72.31999pt.

<functor_dagger_decat_zx_spider_green.pdf, id=622, 144.61127pt x 39.70433pt>
File: functor_dagger_decat_zx_spider_green.pdf Graphic file (type pdf)

<use functor_dagger_decat_zx_spider_green.pdf>
Package pdftex.def Info: functor_dagger_decat_zx_spider_green.pdf used on input
 line 682.
(pdftex.def)             Requested size: 144.6109pt x 39.70422pt.

<functor_dagger_decat_zx_spider_red.pdf, id=623, 144.61127pt x 40.75928pt>
File: functor_dagger_decat_zx_spider_red.pdf Graphic file (type pdf)

<use functor_dagger_decat_zx_spider_red.pdf>
Package pdftex.def Info: functor_dagger_decat_zx_spider_red.pdf used on input l
ine 686.
(pdftex.def)             Requested size: 144.6109pt x 40.75916pt.

<equation_decat_zx_snake.pdf, id=625, 376.55179pt x 63.5715pt>
File: equation_decat_zx_snake.pdf Graphic file (type pdf)

<use equation_decat_zx_snake.pdf>
Package pdftex.def Info: equation_decat_zx_snake.pdf used on input line 693.
(pdftex.def)             Requested size: 282.41313pt x 47.67848pt.
 [13 <./1cell_zx_braiding.pdf> <./1cell_zx_evaluation.pdf> <./1cell_zx_coevalua
tion.pdf> <./example_composing_spiders.pdf> <./diagram_tensor_spiders.pdf> <./f
unctor_dagger_decat_zx_spider_green.pdf> <./functor_dagger_decat_zx_spider_red.
pdf> <./equation_decat_zx_snake.pdf>]
File: generater_green_spider.pdf Graphic file (type pdf)

<use generater_green_spider.pdf>
Package pdftex.def Info: generater_green_spider.pdf used on input line 704.
(pdftex.def)             Requested size: 62.84863pt x 25.45pt.
File: 1cell_zx_green_spider.pdf Graphic file (type pdf)
 <use 1cell_zx_green_spider.pdf>
Package pdftex.def Info: 1cell_zx_green_spider.pdf used on input line 706.
(pdftex.def)             Requested size: 74.17091pt x 37.17278pt.
File: generater_wire.pdf Graphic file (type pdf)

<use generater_wire.pdf>
Package pdftex.def Info: generater_wire.pdf used on input line 710.
(pdftex.def)             Requested size: 35.1181pt x 12.35611pt.
File: 1cell_zx_wire.pdf Graphic file (type pdf)
 <use 1cell_zx_wire.pdf>
Package pdftex.def Info: 1cell_zx_wire.pdf used on input line 712.
(pdftex.def)             Requested size: 51.49927pt x 19.7166pt.
File: generater_red_spider.pdf Graphic file (type pdf)

<use generater_red_spider.pdf>
Package pdftex.def Info: generater_red_spider.pdf used on input line 718.
(pdftex.def)             Requested size: 62.84863pt x 27.22562pt.
File: 1cell_zx_red_spider.pdf Graphic file (type pdf)
 <use 1cell_zx_red_spider.pdf>
Package pdftex.def Info: 1cell_zx_red_spider.pdf used on input line 720.
(pdftex.def)             Requested size: 74.17091pt x 37.17278pt.
File: generater_diamond.pdf Graphic file (type pdf)

<use generater_diamond.pdf>
Package pdftex.def Info: generater_diamond.pdf used on input line 724.
(pdftex.def)             Requested size: 10.83443pt x 10.83443pt.
File: 1cell_zx_diamond.pdf Graphic file (type pdf)
 <use 1cell_zx_diamond.pdf>
Package pdftex.def Info: 1cell_zx_diamond.pdf used on input line 726.
(pdftex.def)             Requested size: 28.73729pt x 20.50856pt.
File: generater_hadamard.pdf Graphic file (type pdf)

<use generater_hadamard.pdf>
Package pdftex.def Info: generater_hadamard.pdf used on input line 730.
(pdftex.def)             Requested size: 40.80934pt x 7.46585pt.
File: 1cell_zx_hadamard.pdf Graphic file (type pdf)
 <use 1cell_zx_hadamard.pdf>
Package pdftex.def Info: 1cell_zx_hadamard.pdf used on input line 732.
(pdftex.def)             Requested size: 51.49927pt x 20.22148pt.
Missing character: There is no  in font cmr9!
Missing character: There is no  in font cmr9!
Missing character: There is no  in font cmr9!
Missing character: There is no  in font cmr9!
Missing character: There is no  in font cmr9!
Missing character: There is no  in font cmr9!
Missing character: There is no  in font cmr9!
Missing character: There is no  in font cmr9!
Missing character: There is no  in font cmr9!
Missing character: There is no  in font cmr9!
Missing character: There is no  in font cmr9!
 [14]
Missing character: There is no  in font cmr9!
Missing character: There is no  in font cmr9!

Underfull \hbox (badness 4391) in paragraph at lines 905--910
[]\OT1/cmr/m/n/9 B. Fong (2016) \OT1/cmr/m/it/9 The Al-ge-bra of Open and In-te
r-con-nected Sys-tems\OT1/cmr/m/n/9 . Avail-able as
 []


Underfull \vbox (badness 10000) has occurred while \output is active []

 [15]
Underfull \hbox (badness 7030) in paragraph at lines 956--963
[]\OT1/cmr/m/n/9 V. Sas-sone, & P. Soboci^^Snski (2005) \OT1/cmr/m/it/9 A con-g
ru-ence for Petri nets\OT1/cmr/m/n/9 . Elec-tronic
 []


Underfull \hbox (badness 4739) in paragraph at lines 956--963
\OT1/cmr/m/n/9 Notes in The-o-ret-i-cal Com-puter Sci-ence, 127(2), pp. 107-120
. Also avail-able as
 []


Underfull \hbox (badness 8075) in paragraph at lines 972--977
[]\OT1/cmr/m/n/9 M. Shul-man (2010) \OT1/cmr/m/it/9 Con-struct-ing sym-met-ric 
monoidal bi-cat-e-gories\OT1/cmr/m/n/9 . Avail-able as
 []

[16]
Package atveryend Info: Empty hook `BeforeClearDocument' on input line 994.
Package atveryend Info: Empty hook `AfterLastShipout' on input line 994.
 (./Categorifying the zx-calculus__(c).aux)
Package atveryend Info: Executing hook `AtVeryEndDocument' on input line 994.
Package atveryend Info: Executing hook `AtEndAfterFileList' on input line 994.
Package rerunfilecheck Info: File `"Categorifying the zx-calculus__(c)".out' ha
s not changed.
(rerunfilecheck)             Checksum: 434928F53D5F080187A2886E08ECB64E;328.
 ) 
Here is how much of TeX's memory you used:
 25330 strings out of 493033
 483516 string characters out of 6137754
 615710 words of memory out of 5000000
 28101 multiletter control sequences out of 15000+600000
 19162 words of font info for 77 fonts, out of 8000000 for 9000
 1302 hyphenation exceptions out of 8191
 62i,12n,85p,3333b,799s stack positions out of 5000i,500n,10000p,200000b,80000s
<c:/texlive/2015/texmf-dist/fonts/type1/public/amsfonts/cm/cmbx10.pfb><c:/tex
live/2015/texmf-dist/fonts/type1/public/amsfonts/cm/cmcsc10.pfb><c:/texlive/201
5/texmf-dist/fonts/type1/public/amsfonts/cm/cmex10.pfb><c:/texlive/2015/texmf-d
ist/fonts/type1/public/amsfonts/cm/cmmi10.pfb><c:/texlive/2015/texmf-dist/fonts
/type1/public/amsfonts/cm/cmmi5.pfb><c:/texlive/2015/texmf-dist/fonts/type1/pub
lic/amsfonts/cm/cmmi7.pfb><c:/texlive/2015/texmf-dist/fonts/type1/public/amsfon
ts/cm/cmmi8.pfb><c:/texlive/2015/texmf-dist/fonts/type1/public/amsfonts/cm/cmr1
0.pfb><c:/texlive/2015/texmf-dist/fonts/type1/public/amsfonts/cm/cmr5.pfb><c:/t
exlive/2015/texmf-dist/fonts/type1/public/amsfonts/cm/cmr7.pfb><c:/texlive/2015
/texmf-dist/fonts/type1/public/amsfonts/cm/cmr8.pfb><c:/texlive/2015/texmf-dist
/fonts/type1/public/amsfonts/cm/cmr9.pfb><c:/texlive/2015/texmf-dist/fonts/type
1/public/amsfonts/cm/cmsy10.pfb><c:/texlive/2015/texmf-dist/fonts/type1/public/
amsfonts/cm/cmsy5.pfb><c:/texlive/2015/texmf-dist/fonts/type1/public/amsfonts/c
m/cmsy7.pfb><c:/texlive/2015/texmf-dist/fonts/type1/public/amsfonts/cm/cmsy8.pf
b><c:/texlive/2015/texmf-dist/fonts/type1/public/amsfonts/cm/cmti10.pfb><c:/tex
live/2015/texmf-dist/fonts/type1/public/amsfonts/cm/cmti8.pfb><c:/texlive/2015/
texmf-dist/fonts/type1/public/amsfonts/cm/cmti9.pfb><c:/texlive/2015/texmf-dist
/fonts/type1/public/amsfonts/symbols/msam10.pfb>
Output written on "Categorifying the zx-calculus__(c).pdf" (16 pages, 403839 by
tes).
PDF statistics:
 838 PDF objects out of 1000 (max. 8388607)
 736 compressed objects within 8 object streams
 74 named destinations out of 1000 (max. 500000)
 341 words of extra memory for PDF output out of 10000 (max. 10000000)

