This is pdfTeX, Version 3.14159265-2.6-1.40.17 (TeX Live 2016) (preloaded format=pdflatex 2016.5.22)  28 JUN 2017 11:27
entering extended mode
 restricted \write18 enabled.
 %&-line parsing enabled.
**" Categorifying the zx-calculus_Arxiv v1.tex"
(./ Categorifying the zx-calculus_Arxiv v1.tex
LaTeX2e <2016/03/31>
Babel <3.9r> and hyphenation patterns for 83 language(s) loaded.
(/usr/local/texlive/2016/texmf-dist/tex/latex/amscls/amsart.cls
Document Class: amsart 2015/03/04 v2.20.2
\linespacing=\dimen102
\normalparindent=\dimen103
\normaltopskip=\skip41
(/usr/local/texlive/2016/texmf-dist/tex/latex/amsmath/amsmath.sty
Package: amsmath 2016/03/10 v2.15b AMS math features
\@mathmargin=\skip42

For additional information on amsmath, use the `?' option.
(/usr/local/texlive/2016/texmf-dist/tex/latex/amsmath/amstext.sty
Package: amstext 2000/06/29 v2.01 AMS text

(/usr/local/texlive/2016/texmf-dist/tex/latex/amsmath/amsgen.sty
File: amsgen.sty 1999/11/30 v2.0 generic functions
\@emptytoks=\toks14
\ex@=\dimen104
))
(/usr/local/texlive/2016/texmf-dist/tex/latex/amsmath/amsbsy.sty
Package: amsbsy 1999/11/29 v1.2d Bold Symbols
\pmbraise@=\dimen105
)
(/usr/local/texlive/2016/texmf-dist/tex/latex/amsmath/amsopn.sty
Package: amsopn 2016/03/08 v2.02 operator names
)
\inf@bad=\count79
LaTeX Info: Redefining \frac on input line 199.
\uproot@=\count80
\leftroot@=\count81
LaTeX Info: Redefining \overline on input line 297.
\classnum@=\count82
\DOTSCASE@=\count83
LaTeX Info: Redefining \ldots on input line 394.
LaTeX Info: Redefining \dots on input line 397.
LaTeX Info: Redefining \cdots on input line 518.
\Mathstrutbox@=\box26
\strutbox@=\box27
\big@size=\dimen106
LaTeX Font Info:    Redeclaring font encoding OML on input line 634.
LaTeX Font Info:    Redeclaring font encoding OMS on input line 635.
\macc@depth=\count84
\c@MaxMatrixCols=\count85
\dotsspace@=\muskip10
\c@parentequation=\count86
\dspbrk@lvl=\count87
\tag@help=\toks15
\row@=\count88
\column@=\count89
\maxfields@=\count90
\andhelp@=\toks16
\eqnshift@=\dimen107
\alignsep@=\dimen108
\tagshift@=\dimen109
\tagwidth@=\dimen110
\totwidth@=\dimen111
\lineht@=\dimen112
\@envbody=\toks17
\multlinegap=\skip43
\multlinetaggap=\skip44
\mathdisplay@stack=\toks18
LaTeX Info: Redefining \[ on input line 2739.
LaTeX Info: Redefining \] on input line 2740.
)
LaTeX Font Info:    Try loading font information for U+msa on input line 388.

(/usr/local/texlive/2016/texmf-dist/tex/latex/amsfonts/umsa.fd
File: umsa.fd 2013/01/14 v3.01 AMS symbols A
)
(/usr/local/texlive/2016/texmf-dist/tex/latex/amsfonts/amsfonts.sty
Package: amsfonts 2013/01/14 v3.01 Basic AMSFonts support
\symAMSa=\mathgroup4
\symAMSb=\mathgroup5
LaTeX Font Info:    Overwriting math alphabet `\mathfrak' in version `bold'
(Font)                  U/euf/m/n --> U/euf/b/n on input line 106.
)
\copyins=\insert199
\abstractbox=\box28
\listisep=\skip45
\c@part=\count91
\c@section=\count92
\c@subsection=\count93
\c@subsubsection=\count94
\c@paragraph=\count95
\c@subparagraph=\count96
\c@figure=\count97
\c@table=\count98
\abovecaptionskip=\skip46
\belowcaptionskip=\skip47
\captionindent=\dimen113
\thm@style=\toks19
\thm@bodyfont=\toks20
\thm@headfont=\toks21
\thm@notefont=\toks22
\thm@headpunct=\toks23
\thm@preskip=\skip48
\thm@postskip=\skip49
\thm@headsep=\skip50
\dth@everypar=\toks24
)
\bibstyle{plainurl}
(/usr/local/texlive/2016/texmf-dist/tex/latex/caption/caption.sty
Package: caption 2016/02/21 v3.3-144 Customizing captions (AR)

(/usr/local/texlive/2016/texmf-dist/tex/latex/caption/caption3.sty
Package: caption3 2016/02/04 v1.7-139 caption3 kernel (AR)
Package caption3 Info: TeX engine: e-TeX on input line 67.

(/usr/local/texlive/2016/texmf-dist/tex/latex/graphics/keyval.sty
Package: keyval 2014/10/28 v1.15 key=value parser (DPC)
\KV@toks@=\toks25
)
\captionmargin=\dimen114
\captionmargin@=\dimen115
\captionwidth=\dimen116
\caption@tempdima=\dimen117
\caption@indent=\dimen118
\caption@parindent=\dimen119
\caption@hangindent=\dimen120
)
Package caption Info: AMS or SMF document class.
\c@ContinuedFloat=\count99
)
(/usr/local/texlive/2016/texmf-dist/tex/latex/caption/subcaption.sty
Package: subcaption 2016/02/20 v1.1-142 Sub-captions (AR)
\c@subfigure=\count100
\c@subtable=\count101
)
(/usr/local/texlive/2016/texmf-dist/tex/latex/pgf/frontendlayer/tikz.sty
(/usr/local/texlive/2016/texmf-dist/tex/latex/pgf/basiclayer/pgf.sty
(/usr/local/texlive/2016/texmf-dist/tex/latex/pgf/utilities/pgfrcs.sty
(/usr/local/texlive/2016/texmf-dist/tex/generic/pgf/utilities/pgfutil-common.te
x
\pgfutil@everybye=\toks26
\pgfutil@tempdima=\dimen121
\pgfutil@tempdimb=\dimen122

(/usr/local/texlive/2016/texmf-dist/tex/generic/pgf/utilities/pgfutil-common-li
sts.tex))
(/usr/local/texlive/2016/texmf-dist/tex/generic/pgf/utilities/pgfutil-latex.def
\pgfutil@abb=\box29
(/usr/local/texlive/2016/texmf-dist/tex/latex/ms/everyshi.sty
Package: everyshi 2001/05/15 v3.00 EveryShipout Package (MS)
))
(/usr/local/texlive/2016/texmf-dist/tex/generic/pgf/utilities/pgfrcs.code.tex
Package: pgfrcs 2015/08/07 v3.0.1a (rcs-revision 1.31)
))
Package: pgf 2015/08/07 v3.0.1a (rcs-revision 1.15)
(/usr/local/texlive/2016/texmf-dist/tex/latex/pgf/basiclayer/pgfcore.sty
(/usr/local/texlive/2016/texmf-dist/tex/latex/graphics/graphicx.sty
Package: graphicx 2014/10/28 v1.0g Enhanced LaTeX Graphics (DPC,SPQR)

(/usr/local/texlive/2016/texmf-dist/tex/latex/graphics/graphics.sty
Package: graphics 2016/05/09 v1.0r Standard LaTeX Graphics (DPC,SPQR)

(/usr/local/texlive/2016/texmf-dist/tex/latex/graphics/trig.sty
Package: trig 2016/01/03 v1.10 sin cos tan (DPC)
)
(/usr/local/texlive/2016/texmf-dist/tex/latex/graphics-cfg/graphics.cfg
File: graphics.cfg 2016/01/02 v1.10 sample graphics configuration
)
Package graphics Info: Driver file: pdftex.def on input line 96.

(/usr/local/texlive/2016/texmf-dist/tex/latex/pdftex-def/pdftex.def
File: pdftex.def 2011/05/27 v0.06d Graphics/color for pdfTeX

(/usr/local/texlive/2016/texmf-dist/tex/generic/oberdiek/infwarerr.sty
Package: infwarerr 2016/05/16 v1.4 Providing info/warning/error messages (HO)
)
(/usr/local/texlive/2016/texmf-dist/tex/generic/oberdiek/ltxcmds.sty
Package: ltxcmds 2016/05/16 v1.23 LaTeX kernel commands for general use (HO)
)
\Gread@gobject=\count102
))
\Gin@req@height=\dimen123
\Gin@req@width=\dimen124
)
(/usr/local/texlive/2016/texmf-dist/tex/latex/pgf/systemlayer/pgfsys.sty
(/usr/local/texlive/2016/texmf-dist/tex/generic/pgf/systemlayer/pgfsys.code.tex
Package: pgfsys 2014/07/09 v3.0.1a (rcs-revision 1.48)
(/usr/local/texlive/2016/texmf-dist/tex/generic/pgf/utilities/pgfkeys.code.tex
\pgfkeys@pathtoks=\toks27
\pgfkeys@temptoks=\toks28

(/usr/local/texlive/2016/texmf-dist/tex/generic/pgf/utilities/pgfkeysfiltered.c
ode.tex
\pgfkeys@tmptoks=\toks29
))
\pgf@x=\dimen125
\pgf@y=\dimen126
\pgf@xa=\dimen127
\pgf@ya=\dimen128
\pgf@xb=\dimen129
\pgf@yb=\dimen130
\pgf@xc=\dimen131
\pgf@yc=\dimen132
\w@pgf@writea=\write3
\r@pgf@reada=\read1
\c@pgf@counta=\count103
\c@pgf@countb=\count104
\c@pgf@countc=\count105
\c@pgf@countd=\count106
\t@pgf@toka=\toks30
\t@pgf@tokb=\toks31
\t@pgf@tokc=\toks32

(/usr/local/texlive/2016/texmf-dist/tex/generic/pgf/systemlayer/pgf.cfg
File: pgf.cfg 2008/05/14  (rcs-revision 1.7)
)
Driver file for pgf: pgfsys-pdftex.def

(/usr/local/texlive/2016/texmf-dist/tex/generic/pgf/systemlayer/pgfsys-pdftex.d
ef
File: pgfsys-pdftex.def 2014/10/11  (rcs-revision 1.35)

(/usr/local/texlive/2016/texmf-dist/tex/generic/pgf/systemlayer/pgfsys-common-p
df.def
File: pgfsys-common-pdf.def 2013/10/10  (rcs-revision 1.13)
)))
(/usr/local/texlive/2016/texmf-dist/tex/generic/pgf/systemlayer/pgfsyssoftpath.
code.tex
File: pgfsyssoftpath.code.tex 2013/09/09  (rcs-revision 1.9)
\pgfsyssoftpath@smallbuffer@items=\count107
\pgfsyssoftpath@bigbuffer@items=\count108
)
(/usr/local/texlive/2016/texmf-dist/tex/generic/pgf/systemlayer/pgfsysprotocol.
code.tex
File: pgfsysprotocol.code.tex 2006/10/16  (rcs-revision 1.4)
)) (/usr/local/texlive/2016/texmf-dist/tex/latex/xcolor/xcolor.sty
Package: xcolor 2016/05/11 v2.12 LaTeX color extensions (UK)

(/usr/local/texlive/2016/texmf-dist/tex/latex/graphics-cfg/color.cfg
File: color.cfg 2016/01/02 v1.6 sample color configuration
)
Package xcolor Info: Driver file: pdftex.def on input line 225.
Package xcolor Info: Model `cmy' substituted by `cmy0' on input line 1348.
Package xcolor Info: Model `hsb' substituted by `rgb' on input line 1352.
Package xcolor Info: Model `RGB' extended on input line 1364.
Package xcolor Info: Model `HTML' substituted by `rgb' on input line 1366.
Package xcolor Info: Model `Hsb' substituted by `hsb' on input line 1367.
Package xcolor Info: Model `tHsb' substituted by `hsb' on input line 1368.
Package xcolor Info: Model `HSB' substituted by `hsb' on input line 1369.
Package xcolor Info: Model `Gray' substituted by `gray' on input line 1370.
Package xcolor Info: Model `wave' substituted by `hsb' on input line 1371.
)
(/usr/local/texlive/2016/texmf-dist/tex/generic/pgf/basiclayer/pgfcore.code.tex
Package: pgfcore 2010/04/11 v3.0.1a (rcs-revision 1.7)
(/usr/local/texlive/2016/texmf-dist/tex/generic/pgf/math/pgfmath.code.tex
(/usr/local/texlive/2016/texmf-dist/tex/generic/pgf/math/pgfmathcalc.code.tex
(/usr/local/texlive/2016/texmf-dist/tex/generic/pgf/math/pgfmathutil.code.tex)
(/usr/local/texlive/2016/texmf-dist/tex/generic/pgf/math/pgfmathparser.code.tex
\pgfmath@dimen=\dimen133
\pgfmath@count=\count109
\pgfmath@box=\box30
\pgfmath@toks=\toks33
\pgfmath@stack@operand=\toks34
\pgfmath@stack@operation=\toks35
)
(/usr/local/texlive/2016/texmf-dist/tex/generic/pgf/math/pgfmathfunctions.code.
tex
(/usr/local/texlive/2016/texmf-dist/tex/generic/pgf/math/pgfmathfunctions.basic
.code.tex)
(/usr/local/texlive/2016/texmf-dist/tex/generic/pgf/math/pgfmathfunctions.trigo
nometric.code.tex)
(/usr/local/texlive/2016/texmf-dist/tex/generic/pgf/math/pgfmathfunctions.rando
m.code.tex)
(/usr/local/texlive/2016/texmf-dist/tex/generic/pgf/math/pgfmathfunctions.compa
rison.code.tex)
(/usr/local/texlive/2016/texmf-dist/tex/generic/pgf/math/pgfmathfunctions.base.
code.tex)
(/usr/local/texlive/2016/texmf-dist/tex/generic/pgf/math/pgfmathfunctions.round
.code.tex)
(/usr/local/texlive/2016/texmf-dist/tex/generic/pgf/math/pgfmathfunctions.misc.
code.tex)
(/usr/local/texlive/2016/texmf-dist/tex/generic/pgf/math/pgfmathfunctions.integ
erarithmetics.code.tex)))
(/usr/local/texlive/2016/texmf-dist/tex/generic/pgf/math/pgfmathfloat.code.tex
\c@pgfmathroundto@lastzeros=\count110
))
(/usr/local/texlive/2016/texmf-dist/tex/generic/pgf/basiclayer/pgfcorepoints.co
de.tex
File: pgfcorepoints.code.tex 2013/10/07  (rcs-revision 1.27)
\pgf@picminx=\dimen134
\pgf@picmaxx=\dimen135
\pgf@picminy=\dimen136
\pgf@picmaxy=\dimen137
\pgf@pathminx=\dimen138
\pgf@pathmaxx=\dimen139
\pgf@pathminy=\dimen140
\pgf@pathmaxy=\dimen141
\pgf@xx=\dimen142
\pgf@xy=\dimen143
\pgf@yx=\dimen144
\pgf@yy=\dimen145
\pgf@zx=\dimen146
\pgf@zy=\dimen147
)
(/usr/local/texlive/2016/texmf-dist/tex/generic/pgf/basiclayer/pgfcorepathconst
ruct.code.tex
File: pgfcorepathconstruct.code.tex 2013/10/07  (rcs-revision 1.29)
\pgf@path@lastx=\dimen148
\pgf@path@lasty=\dimen149
)
(/usr/local/texlive/2016/texmf-dist/tex/generic/pgf/basiclayer/pgfcorepathusage
.code.tex
File: pgfcorepathusage.code.tex 2014/11/02  (rcs-revision 1.24)
\pgf@shorten@end@additional=\dimen150
\pgf@shorten@start@additional=\dimen151
)
(/usr/local/texlive/2016/texmf-dist/tex/generic/pgf/basiclayer/pgfcorescopes.co
de.tex
File: pgfcorescopes.code.tex 2015/05/08  (rcs-revision 1.46)
\pgfpic=\box31
\pgf@hbox=\box32
\pgf@layerbox@main=\box33
\pgf@picture@serial@count=\count111
)
(/usr/local/texlive/2016/texmf-dist/tex/generic/pgf/basiclayer/pgfcoregraphicst
ate.code.tex
File: pgfcoregraphicstate.code.tex 2014/11/02  (rcs-revision 1.12)
\pgflinewidth=\dimen152
)
(/usr/local/texlive/2016/texmf-dist/tex/generic/pgf/basiclayer/pgfcoretransform
ations.code.tex
File: pgfcoretransformations.code.tex 2015/08/07  (rcs-revision 1.20)
\pgf@pt@x=\dimen153
\pgf@pt@y=\dimen154
\pgf@pt@temp=\dimen155
)
(/usr/local/texlive/2016/texmf-dist/tex/generic/pgf/basiclayer/pgfcorequick.cod
e.tex
File: pgfcorequick.code.tex 2008/10/09  (rcs-revision 1.3)
)
(/usr/local/texlive/2016/texmf-dist/tex/generic/pgf/basiclayer/pgfcoreobjects.c
ode.tex
File: pgfcoreobjects.code.tex 2006/10/11  (rcs-revision 1.2)
)
(/usr/local/texlive/2016/texmf-dist/tex/generic/pgf/basiclayer/pgfcorepathproce
ssing.code.tex
File: pgfcorepathprocessing.code.tex 2013/09/09  (rcs-revision 1.9)
)
(/usr/local/texlive/2016/texmf-dist/tex/generic/pgf/basiclayer/pgfcorearrows.co
de.tex
File: pgfcorearrows.code.tex 2015/05/14  (rcs-revision 1.43)
\pgfarrowsep=\dimen156
)
(/usr/local/texlive/2016/texmf-dist/tex/generic/pgf/basiclayer/pgfcoreshade.cod
e.tex
File: pgfcoreshade.code.tex 2013/07/15  (rcs-revision 1.15)
\pgf@max=\dimen157
\pgf@sys@shading@range@num=\count112
)
(/usr/local/texlive/2016/texmf-dist/tex/generic/pgf/basiclayer/pgfcoreimage.cod
e.tex
File: pgfcoreimage.code.tex 2013/07/15  (rcs-revision 1.18)

(/usr/local/texlive/2016/texmf-dist/tex/generic/pgf/basiclayer/pgfcoreexternal.
code.tex
File: pgfcoreexternal.code.tex 2014/07/09  (rcs-revision 1.21)
\pgfexternal@startupbox=\box34
))
(/usr/local/texlive/2016/texmf-dist/tex/generic/pgf/basiclayer/pgfcorelayers.co
de.tex
File: pgfcorelayers.code.tex 2013/07/18  (rcs-revision 1.7)
)
(/usr/local/texlive/2016/texmf-dist/tex/generic/pgf/basiclayer/pgfcoretranspare
ncy.code.tex
File: pgfcoretransparency.code.tex 2013/09/30  (rcs-revision 1.5)
)
(/usr/local/texlive/2016/texmf-dist/tex/generic/pgf/basiclayer/pgfcorepatterns.
code.tex
File: pgfcorepatterns.code.tex 2013/11/07  (rcs-revision 1.5)
)))
(/usr/local/texlive/2016/texmf-dist/tex/generic/pgf/modules/pgfmoduleshapes.cod
e.tex
File: pgfmoduleshapes.code.tex 2014/03/21  (rcs-revision 1.35)
\pgfnodeparttextbox=\box35
)
(/usr/local/texlive/2016/texmf-dist/tex/generic/pgf/modules/pgfmoduleplot.code.
tex
File: pgfmoduleplot.code.tex 2015/08/03  (rcs-revision 1.13)
)
(/usr/local/texlive/2016/texmf-dist/tex/latex/pgf/compatibility/pgfcomp-version
-0-65.sty
Package: pgfcomp-version-0-65 2007/07/03 v3.0.1a (rcs-revision 1.7)
\pgf@nodesepstart=\dimen158
\pgf@nodesepend=\dimen159
)
(/usr/local/texlive/2016/texmf-dist/tex/latex/pgf/compatibility/pgfcomp-version
-1-18.sty
Package: pgfcomp-version-1-18 2007/07/23 v3.0.1a (rcs-revision 1.1)
))
(/usr/local/texlive/2016/texmf-dist/tex/latex/pgf/utilities/pgffor.sty
(/usr/local/texlive/2016/texmf-dist/tex/latex/pgf/utilities/pgfkeys.sty
(/usr/local/texlive/2016/texmf-dist/tex/generic/pgf/utilities/pgfkeys.code.tex)
) (/usr/local/texlive/2016/texmf-dist/tex/latex/pgf/math/pgfmath.sty
(/usr/local/texlive/2016/texmf-dist/tex/generic/pgf/math/pgfmath.code.tex))
(/usr/local/texlive/2016/texmf-dist/tex/generic/pgf/utilities/pgffor.code.tex
Package: pgffor 2013/12/13 v3.0.1a (rcs-revision 1.25)

(/usr/local/texlive/2016/texmf-dist/tex/generic/pgf/math/pgfmath.code.tex)
\pgffor@iter=\dimen160
\pgffor@skip=\dimen161
\pgffor@stack=\toks36
\pgffor@toks=\toks37
))
(/usr/local/texlive/2016/texmf-dist/tex/generic/pgf/frontendlayer/tikz/tikz.cod
e.tex
Package: tikz 2015/08/07 v3.0.1a (rcs-revision 1.151)

(/usr/local/texlive/2016/texmf-dist/tex/generic/pgf/libraries/pgflibraryplothan
dlers.code.tex
File: pgflibraryplothandlers.code.tex 2013/08/31 v3.0.1a (rcs-revision 1.20)
\pgf@plot@mark@count=\count113
\pgfplotmarksize=\dimen162
)
\tikz@lastx=\dimen163
\tikz@lasty=\dimen164
\tikz@lastxsaved=\dimen165
\tikz@lastysaved=\dimen166
\tikzleveldistance=\dimen167
\tikzsiblingdistance=\dimen168
\tikz@figbox=\box36
\tikz@figbox@bg=\box37
\tikz@tempbox=\box38
\tikz@tempbox@bg=\box39
\tikztreelevel=\count114
\tikznumberofchildren=\count115
\tikznumberofcurrentchild=\count116
\tikz@fig@count=\count117

(/usr/local/texlive/2016/texmf-dist/tex/generic/pgf/modules/pgfmodulematrix.cod
e.tex
File: pgfmodulematrix.code.tex 2013/09/17  (rcs-revision 1.8)
\pgfmatrixcurrentrow=\count118
\pgfmatrixcurrentcolumn=\count119
\pgf@matrix@numberofcolumns=\count120
)
\tikz@expandcount=\count121

(/usr/local/texlive/2016/texmf-dist/tex/generic/pgf/frontendlayer/tikz/librarie
s/tikzlibrarytopaths.code.tex
File: tikzlibrarytopaths.code.tex 2008/06/17 v3.0.1a (rcs-revision 1.2)
)))
(/usr/local/texlive/2016/texmf-dist/tex/generic/xypic/xy.sty
(/usr/local/texlive/2016/texmf-dist/tex/generic/xypic/xy.tex Bootstrap'ing:
catcodes, docmode,
(/usr/local/texlive/2016/texmf-dist/tex/generic/xypic/xyrecat.tex)
(/usr/local/texlive/2016/texmf-dist/tex/generic/xypic/xyidioms.tex)

 Xy-pic version 3.8.9 <2013/10/06>
 Copyright (c) 1991-2013 by Kristoffer H. Rose <krisrose@tug.org> and others
 Xy-pic is free software: see the User's Guide for details.

Loading kernel: messages; fonts; allocations: state,
\X@c=\dimen169
\Y@c=\dimen170
\U@c=\dimen171
\D@c=\dimen172
\L@c=\dimen173
\R@c=\dimen174
\Edge@c=\toks38
\X@p=\dimen175
\Y@p=\dimen176
\U@p=\dimen177
\D@p=\dimen178
\L@p=\dimen179
\R@p=\dimen180
\Edge@p=\toks39
\X@origin=\dimen181
\Y@origin=\dimen182
\X@xbase=\dimen183
\Y@xbase=\dimen184
\X@ybase=\dimen185
\Y@ybase=\dimen186
\X@min=\dimen187
\Y@min=\dimen188
\X@max=\dimen189
\Y@max=\dimen190
\lastobjectbox@=\box40
\zerodotbox@=\box41
\almostz@=\dimen191
 direction,
\d@X=\dimen192
\d@Y=\dimen193
\K@=\count122
\KK@=\count123
\Direction=\count124
\K@dXdY=\dimen194
\K@dYdX=\dimen195
\xyread@=\read2
\xywrite@=\write4
\csp@=\count125
\quotPTK@=\dimen196

utility macros; pictures: \xy, positions,
\swaptoks@@=\toks40
\connectobjectbox@@=\box42
 objects,
\styletoks@=\toks41
 decorations;
kernel objects: directionals, circles, text; options; algorithms: directions,
edges, connections;  Xy-pic loaded)
(/usr/local/texlive/2016/texmf-dist/tex/generic/oberdiek/ifpdf.sty
Package: ifpdf 2016/05/14 v3.1 Provides the ifpdf switch
)
Package: xy 2013/10/06 Xy-pic version 3.8.9

(/usr/local/texlive/2016/texmf-dist/tex/generic/xypic/xyall.tex
 Xy-pic option: All features v.3.8
(/usr/local/texlive/2016/texmf-dist/tex/generic/xypic/xycurve.tex
 Xy-pic option: Curve and Spline extension v.3.12 curve,
\crv@cnt@=\count126
\crvpts@=\toks42
\splinebox@=\box43
\splineval@=\dimen197
\splinedepth@=\dimen198
\splinetol@=\dimen256
\splinelength@=\dimen257
 circles,
\L@=\dimen258
 loaded)
(/usr/local/texlive/2016/texmf-dist/tex/generic/xypic/xyframe.tex
 Xy-pic option: Frame and Bracket extension v.3.14 loaded)
(/usr/local/texlive/2016/texmf-dist/tex/generic/xypic/xycmtip.tex
 Xy-pic option: Computer Modern tip extension v.3.7
(/usr/local/texlive/2016/texmf-dist/tex/generic/xypic/xytips.tex
 Xy-pic option: More Tips extension v.3.11 loaded) loaded)
(/usr/local/texlive/2016/texmf-dist/tex/generic/xypic/xyline.tex
 Xy-pic option: Line styles extension v.3.10
\xylinethick@=\dimen259
 loaded)
(/usr/local/texlive/2016/texmf-dist/tex/generic/xypic/xyrotate.tex
 Xy-pic option: Rotate and Scale extension v.3.8 loaded)
(/usr/local/texlive/2016/texmf-dist/tex/generic/xypic/xycolor.tex
 Xy-pic option: Colour extension v.3.11 loaded)
(/usr/local/texlive/2016/texmf-dist/tex/generic/xypic/xymatrix.tex
 Xy-pic option: Matrix feature v.3.14
\Row=\count127
\Col=\count128
\queue@=\toks43
\queue@@=\toks44
\qcount@=\count129
\qcount@@=\count130
\matrixsize@=\count131
 loaded)
(/usr/local/texlive/2016/texmf-dist/tex/generic/xypic/xyarrow.tex
 Xy-pic option: Arrow and Path feature v.3.9 path, \ar, loaded)
(/usr/local/texlive/2016/texmf-dist/tex/generic/xypic/xygraph.tex
 Xy-pic option: Graph feature v.3.11 loaded) loaded)
(/usr/local/texlive/2016/texmf-dist/tex/generic/xypic/xy2cell.tex
 Xy-pic option: Two-cell feature v.3.7 two-cells, loaded)
(/usr/local/texlive/2016/texmf-dist/tex/generic/xypic/xypdf.tex
 Xy-pic option: PDF driver v.1.7 Xy-pic pdf driver: `color' extension support
(/usr/local/texlive/2016/texmf-dist/tex/generic/xypic/xypdf-co.tex loaded)
Xy-pic pdf driver: `curve' extension support
(/usr/local/texlive/2016/texmf-dist/tex/generic/xypic/xypdf-cu.tex loaded)
Xy-pic pdf driver: `frame' extension support
(/usr/local/texlive/2016/texmf-dist/tex/generic/xypic/xypdf-fr.tex loaded)
Xy-pic pdf driver: `line' extension support
(/usr/local/texlive/2016/texmf-dist/tex/generic/xypic/xypdf-li.tex loaded)
Xy-pic pdf driver: `rotate' extension support
(/usr/local/texlive/2016/texmf-dist/tex/generic/xypic/xypdf-ro.tex loaded)
loaded))
(/usr/local/texlive/2016/texmf-dist/tex/generic/pgf/frontendlayer/tikz/librarie
s/tikzlibrarymatrix.code.tex
File: tikzlibrarymatrix.code.tex 2013/07/12 v3.0.1a (rcs-revision 1.4)
)
(/usr/local/texlive/2016/texmf-dist/tex/generic/pgf/frontendlayer/tikz/librarie
s/tikzlibraryarrows.code.tex
File: tikzlibraryarrows.code.tex 2008/01/09 v3.0.1a (rcs-revision 1.1)

(/usr/local/texlive/2016/texmf-dist/tex/generic/pgf/libraries/pgflibraryarrows.
code.tex
File: pgflibraryarrows.code.tex 2013/09/23 v3.0.1a (rcs-revision 1.16)
\arrowsize=\dimen260
))
(/usr/local/texlive/2016/texmf-dist/tex/generic/pgf/frontendlayer/tikz/librarie
s/tikzlibraryshapes.code.tex
File: tikzlibraryshapes.code.tex 2008/01/09 v3.0.1a (rcs-revision 1.1)

(/usr/local/texlive/2016/texmf-dist/tex/generic/pgf/frontendlayer/tikz/librarie
s/tikzlibraryshapes.geometric.code.tex
File: tikzlibraryshapes.geometric.code.tex 2008/01/09 v3.0.1a (rcs-revision 1.1
)

(/usr/local/texlive/2016/texmf-dist/tex/generic/pgf/libraries/shapes/pgflibrary
shapes.geometric.code.tex
File: pgflibraryshapes.geometric.code.tex 2008/06/26 v3.0.1a (rcs-revision 1.1)

))
(/usr/local/texlive/2016/texmf-dist/tex/generic/pgf/frontendlayer/tikz/librarie
s/tikzlibraryshapes.misc.code.tex
File: tikzlibraryshapes.misc.code.tex 2008/01/09 v3.0.1a (rcs-revision 1.1)

(/usr/local/texlive/2016/texmf-dist/tex/generic/pgf/libraries/shapes/pgflibrary
shapes.misc.code.tex
File: pgflibraryshapes.misc.code.tex 2013/07/18 v3.0.1a (rcs-revision 1.5)
))
(/usr/local/texlive/2016/texmf-dist/tex/generic/pgf/frontendlayer/tikz/librarie
s/tikzlibraryshapes.symbols.code.tex
File: tikzlibraryshapes.symbols.code.tex 2008/01/09 v3.0.1a (rcs-revision 1.1)

(/usr/local/texlive/2016/texmf-dist/tex/generic/pgf/libraries/shapes/pgflibrary
shapes.symbols.code.tex
File: pgflibraryshapes.symbols.code.tex 2013/09/11 v3.0.1a (rcs-revision 1.6)
))
(/usr/local/texlive/2016/texmf-dist/tex/generic/pgf/frontendlayer/tikz/librarie
s/tikzlibraryshapes.arrows.code.tex
File: tikzlibraryshapes.arrows.code.tex 2008/01/09 v3.0.1a (rcs-revision 1.1)

(/usr/local/texlive/2016/texmf-dist/tex/generic/pgf/libraries/shapes/pgflibrary
shapes.arrows.code.tex
File: pgflibraryshapes.arrows.code.tex 2008/06/26 v3.0.1a (rcs-revision 1.1)
))
(/usr/local/texlive/2016/texmf-dist/tex/generic/pgf/frontendlayer/tikz/librarie
s/tikzlibraryshapes.callouts.code.tex
(/usr/local/texlive/2016/texmf-dist/tex/generic/pgf/libraries/shapes/pgflibrary
shapes.callouts.code.tex))
(/usr/local/texlive/2016/texmf-dist/tex/generic/pgf/frontendlayer/tikz/librarie
s/tikzlibraryshapes.multipart.code.tex
File: tikzlibraryshapes.multipart.code.tex 2008/01/09 v3.0.1a (rcs-revision 1.1
)

(/usr/local/texlive/2016/texmf-dist/tex/generic/pgf/libraries/shapes/pgflibrary
shapes.multipart.code.tex
File: pgflibraryshapes.multipart.code.tex 2010/01/07 v3.0.1a (rcs-revision 1.2)

\pgfnodepartlowerbox=\box44
\pgfnodeparttwobox=\box45
\pgfnodepartthreebox=\box46
\pgfnodepartfourbox=\box47
\pgfnodeparttwentybox=\box48
\pgfnodepartnineteenbox=\box49
\pgfnodeparteighteenbox=\box50
\pgfnodepartseventeenbox=\box51
\pgfnodepartsixteenbox=\box52
\pgfnodepartfifteenbox=\box53
\pgfnodepartfourteenbox=\box54
\pgfnodepartthirteenbox=\box55
\pgfnodeparttwelvebox=\box56
\pgfnodepartelevenbox=\box57
\pgfnodeparttenbox=\box58
\pgfnodepartninebox=\box59
\pgfnodeparteightbox=\box60
\pgfnodepartsevenbox=\box61
\pgfnodepartsixbox=\box62
\pgfnodepartfivebox=\box63
)))
(/usr/local/texlive/2016/texmf-dist/tex/generic/pgf/frontendlayer/tikz/librarie
s/tikzlibrarydecorations.markings.code.tex
(/usr/local/texlive/2016/texmf-dist/tex/generic/pgf/frontendlayer/tikz/librarie
s/tikzlibrarydecorations.code.tex
(/usr/local/texlive/2016/texmf-dist/tex/generic/pgf/modules/pgfmoduledecoration
s.code.tex
\pgfdecoratedcompleteddistance=\dimen261
\pgfdecoratedremainingdistance=\dimen262
\pgfdecoratedinputsegmentcompleteddistance=\dimen263
\pgfdecoratedinputsegmentremainingdistance=\dimen264
\pgf@decorate@distancetomove=\dimen265
\pgf@decorate@repeatstate=\count132
\pgfdecorationsegmentamplitude=\dimen266
\pgfdecorationsegmentlength=\dimen267
)
\tikz@lib@dec@box=\box64
)
(/usr/local/texlive/2016/texmf-dist/tex/generic/pgf/libraries/decorations/pgfli
brarydecorations.markings.code.tex))
(/usr/local/texlive/2016/texmf-dist/tex/generic/pgf/frontendlayer/tikz/librarie
s/tikzlibrarydecorations.pathreplacing.code.tex
(/usr/local/texlive/2016/texmf-dist/tex/generic/pgf/libraries/decorations/pgfli
brarydecorations.pathreplacing.code.tex))
(/usr/local/texlive/2016/texmf-dist/tex/latex/hyperref/hyperref.sty
Package: hyperref 2016/05/05 v6.83n Hypertext links for LaTeX

(/usr/local/texlive/2016/texmf-dist/tex/generic/oberdiek/hobsub-hyperref.sty
Package: hobsub-hyperref 2016/05/16 v1.14 Bundle oberdiek, subset hyperref (HO)


(/usr/local/texlive/2016/texmf-dist/tex/generic/oberdiek/hobsub-generic.sty
Package: hobsub-generic 2016/05/16 v1.14 Bundle oberdiek, subset generic (HO)
Package: hobsub 2016/05/16 v1.14 Construct package bundles (HO)
Package hobsub Info: Skipping package `infwarerr' (already loaded).
Package hobsub Info: Skipping package `ltxcmds' (already loaded).
Package: ifluatex 2016/05/16 v1.4 Provides the ifluatex switch (HO)
Package ifluatex Info: LuaTeX not detected.
Package: ifvtex 2016/05/16 v1.6 Detect VTeX and its facilities (HO)
Package ifvtex Info: VTeX not detected.
Package: intcalc 2016/05/16 v1.2 Expandable calculations with integers (HO)
Package hobsub Info: Skipping package `ifpdf' (already loaded).
Package: etexcmds 2016/05/16 v1.6 Avoid name clashes with e-TeX commands (HO)
Package etexcmds Info: Could not find \expanded.
(etexcmds)             That can mean that you are not using pdfTeX 1.50 or
(etexcmds)             that some package has redefined \expanded.
(etexcmds)             In the latter case, load this package earlier.
Package: kvsetkeys 2016/05/16 v1.17 Key value parser (HO)
Package: kvdefinekeys 2016/05/16 v1.4 Define keys (HO)
Package: pdftexcmds 2016/05/10 v0.21 Utility functions of pdfTeX for LuaTeX (HO
)
Package pdftexcmds Info: LuaTeX not detected.
Package pdftexcmds Info: \pdf@primitive is available.
Package pdftexcmds Info: \pdf@ifprimitive is available.
Package pdftexcmds Info: \pdfdraftmode found.
Package: pdfescape 2016/05/16 v1.14 Implements pdfTeX's escape features (HO)
Package: bigintcalc 2016/05/16 v1.4 Expandable calculations on big integers (HO
)
Package: bitset 2016/05/16 v1.2 Handle bit-vector datatype (HO)
Package: uniquecounter 2016/05/16 v1.3 Provide unlimited unique counter (HO)
)
Package hobsub Info: Skipping package `hobsub' (already loaded).
Package: letltxmacro 2016/05/16 v1.5 Let assignment for LaTeX macros (HO)
Package: hopatch 2016/05/16 v1.3 Wrapper for package hooks (HO)
Package: xcolor-patch 2016/05/16 xcolor patch
Package: atveryend 2016/05/16 v1.9 Hooks at the very end of document (HO)
Package atveryend Info: \enddocument detected (standard20110627).
Package: atbegshi 2016/05/16 v1.17 At begin shipout hook (HO)
Package: refcount 2016/05/16 v3.5 Data extraction from label references (HO)
Package: hycolor 2016/05/16 v1.8 Color options for hyperref/bookmark (HO)
)
(/usr/local/texlive/2016/texmf-dist/tex/generic/ifxetex/ifxetex.sty
Package: ifxetex 2010/09/12 v0.6 Provides ifxetex conditional
)
(/usr/local/texlive/2016/texmf-dist/tex/latex/oberdiek/auxhook.sty
Package: auxhook 2016/05/16 v1.4 Hooks for auxiliary files (HO)
)
(/usr/local/texlive/2016/texmf-dist/tex/latex/oberdiek/kvoptions.sty
Package: kvoptions 2016/05/16 v3.12 Key value format for package options (HO)
)
\@linkdim=\dimen268
\Hy@linkcounter=\count133
\Hy@pagecounter=\count134

(/usr/local/texlive/2016/texmf-dist/tex/latex/hyperref/pd1enc.def
File: pd1enc.def 2016/05/05 v6.83n Hyperref: PDFDocEncoding definition (HO)
)
\Hy@SavedSpaceFactor=\count135

(/usr/local/texlive/2016/texmf-dist/tex/latex/latexconfig/hyperref.cfg
File: hyperref.cfg 2002/06/06 v1.2 hyperref configuration of TeXLive
)
Package hyperref Info: Hyper figures OFF on input line 4446.
Package hyperref Info: Link nesting OFF on input line 4451.
Package hyperref Info: Hyper index ON on input line 4454.
Package hyperref Info: Plain pages OFF on input line 4461.
Package hyperref Info: Backreferencing OFF on input line 4466.
Package hyperref Info: Implicit mode ON; LaTeX internals redefined.
Package hyperref Info: Bookmarks ON on input line 4691.
\c@Hy@tempcnt=\count136

(/usr/local/texlive/2016/texmf-dist/tex/latex/url/url.sty
\Urlmuskip=\muskip11
Package: url 2013/09/16  ver 3.4  Verb mode for urls, etc.
)
LaTeX Info: Redefining \url on input line 5044.
\XeTeXLinkMargin=\dimen269
\Fld@menulength=\count137
\Field@Width=\dimen270
\Fld@charsize=\dimen271
Package hyperref Info: Hyper figures OFF on input line 6298.
Package hyperref Info: Link nesting OFF on input line 6303.
Package hyperref Info: Hyper index ON on input line 6306.
Package hyperref Info: backreferencing OFF on input line 6313.
Package hyperref Info: Link coloring OFF on input line 6318.
Package hyperref Info: Link coloring with OCG OFF on input line 6323.
Package hyperref Info: PDF/A mode OFF on input line 6328.
LaTeX Info: Redefining \ref on input line 6368.
LaTeX Info: Redefining \pageref on input line 6372.
\Hy@abspage=\count138
\c@Item=\count139
\c@Hfootnote=\count140
)

Package hyperref Message: Driver (autodetected): hpdftex.

(/usr/local/texlive/2016/texmf-dist/tex/latex/hyperref/hpdftex.def
File: hpdftex.def 2016/05/05 v6.83n Hyperref driver for pdfTeX
\Fld@listcount=\count141
\c@bookmark@seq@number=\count142

(/usr/local/texlive/2016/texmf-dist/tex/latex/oberdiek/rerunfilecheck.sty
Package: rerunfilecheck 2016/05/16 v1.8 Rerun checks for auxiliary files (HO)
Package uniquecounter Info: New unique counter `rerunfilecheck' on input line 2
82.
)
\Hy@SectionHShift=\skip51
)
Package hyperref Info: Option `colorlinks' set `true' on input line 36.
\c@thm=\count143


Package amsthm Warning: Unknown theoremstyle `defn' on input line 43.

(./ Categorifying the zx-calculus_Arxiv v1.aux)
\openout1 = `" Categorifying the zx-calculus_Arxiv v1.aux"'.

LaTeX Font Info:    Checking defaults for OML/cmm/m/it on input line 47.
LaTeX Font Info:    ... okay on input line 47.
LaTeX Font Info:    Checking defaults for T1/cmr/m/n on input line 47.
LaTeX Font Info:    ... okay on input line 47.
LaTeX Font Info:    Checking defaults for OT1/cmr/m/n on input line 47.
LaTeX Font Info:    ... okay on input line 47.
LaTeX Font Info:    Checking defaults for OMS/cmsy/m/n on input line 47.
LaTeX Font Info:    ... okay on input line 47.
LaTeX Font Info:    Checking defaults for OMX/cmex/m/n on input line 47.
LaTeX Font Info:    ... okay on input line 47.
LaTeX Font Info:    Checking defaults for U/cmr/m/n on input line 47.
LaTeX Font Info:    ... okay on input line 47.
LaTeX Font Info:    Checking defaults for PD1/pdf/m/n on input line 47.
LaTeX Font Info:    ... okay on input line 47.
LaTeX Font Info:    Try loading font information for U+msa on input line 47.

(/usr/local/texlive/2016/texmf-dist/tex/latex/amsfonts/umsa.fd
File: umsa.fd 2013/01/14 v3.01 AMS symbols A
)
LaTeX Font Info:    Try loading font information for U+msb on input line 47.

(/usr/local/texlive/2016/texmf-dist/tex/latex/amsfonts/umsb.fd
File: umsb.fd 2013/01/14 v3.01 AMS symbols B
)
Package caption Info: Begin \AtBeginDocument code.
Package caption Info: hyperref package is loaded.
Package caption Info: End \AtBeginDocument code.

ABD: EveryShipout initializing macros
(/usr/local/texlive/2016/texmf-dist/tex/context/base/mkii/supp-pdf.mkii
[Loading MPS to PDF converter (version 2006.09.02).]
\scratchcounter=\count144
\scratchdimen=\dimen272
\scratchbox=\box65
\nofMPsegments=\count145
\nofMParguments=\count146
\everyMPshowfont=\toks45
\MPscratchCnt=\count147
\MPscratchDim=\dimen273
\MPnumerator=\count148
\makeMPintoPDFobject=\count149
\everyMPtoPDFconversion=\toks46
) (/usr/local/texlive/2016/texmf-dist/tex/latex/oberdiek/epstopdf-base.sty
Package: epstopdf-base 2016/05/15 v2.6 Base part for package epstopdf

(/usr/local/texlive/2016/texmf-dist/tex/latex/oberdiek/grfext.sty
Package: grfext 2016/05/16 v1.2 Manage graphics extensions (HO)
)
Package grfext Info: Graphics extension search list:
(grfext)             [.png,.pdf,.jpg,.mps,.jpeg,.jbig2,.jb2,.PNG,.PDF,.JPG,.JPE
G,.JBIG2,.JB2,.eps]
(grfext)             \AppendGraphicsExtensions on input line 456.

(/usr/local/texlive/2016/texmf-dist/tex/latex/latexconfig/epstopdf-sys.cfg
File: epstopdf-sys.cfg 2010/07/13 v1.3 Configuration of (r)epstopdf for TeX Liv
e
))
Package xypdf Info: Line width: 0.39998pt on input line 47.
\AtBeginShipoutBox=\box66
Package hyperref Info: Link coloring ON on input line 47.

(/usr/local/texlive/2016/texmf-dist/tex/latex/hyperref/nameref.sty
Package: nameref 2012/10/27 v2.43 Cross-referencing by name of section

(/usr/local/texlive/2016/texmf-dist/tex/generic/oberdiek/gettitlestring.sty
Package: gettitlestring 2016/05/16 v1.5 Cleanup title references (HO)
)
\c@section@level=\count150
)
LaTeX Info: Redefining \ref on input line 47.
LaTeX Info: Redefining \pageref on input line 47.
LaTeX Info: Redefining \nameref on input line 47.

(./ Categorifying the zx-calculus_Arxiv v1.out)
(./ Categorifying the zx-calculus_Arxiv v1.out)
\@outlinefile=\write5
\openout5 = `" Categorifying the zx-calculus_Arxiv v1.out"'.


<generater_wire.pdf, id=48, 35.1182pt x 12.35616pt>
File: generater_wire.pdf Graphic file (type pdf)
 <use generater_wire.pdf>
Package pdftex.def Info: generater_wire.pdf used on input line 97.
(pdftex.def)             Requested size: 35.1181pt x 12.35611pt.

<generater_green_spider.pdf, id=49, 62.8488pt x 25.45007pt>
File: generater_green_spider.pdf Graphic file (type pdf)

<use generater_green_spider.pdf>
Package pdftex.def Info: generater_green_spider.pdf used on input line 97.
(pdftex.def)             Requested size: 62.84863pt x 25.45pt.

<generater_red_spider.pdf, id=50, 62.8488pt x 27.22571pt>
File: generater_red_spider.pdf Graphic file (type pdf)

<use generater_red_spider.pdf>
Package pdftex.def Info: generater_red_spider.pdf used on input line 97.
(pdftex.def)             Requested size: 62.84863pt x 27.22562pt.

<generater_hadamard.pdf, id=51, 40.80946pt x 7.4659pt>
File: generater_hadamard.pdf Graphic file (type pdf)

<use generater_hadamard.pdf>
Package pdftex.def Info: generater_hadamard.pdf used on input line 97.
(pdftex.def)             Requested size: 40.80934pt x 7.46585pt.

<generater_diamond.pdf, id=52, 10.83447pt x 10.83447pt>
File: generater_diamond.pdf Graphic file (type pdf)

<use generater_diamond.pdf>
Package pdftex.def Info: generater_diamond.pdf used on input line 97.
(pdftex.def)             Requested size: 10.83443pt x 10.83443pt.

Overfull \hbox (10.13332pt too wide) in paragraph at lines 97--98
 [][] 
 []

[1{/usr/local/texlive/2016/texmf-var/fonts/map/pdftex/updmap/pdftex.map} <./gen
erater_wire.pdf> <./generater_green_spider.pdf> <./generater_red_spider.pdf> <.
/generater_hadamard.pdf> <./generater_diamond.pdf>]
<diagram_span_cospans.pdf, id=113, 63.5715pt x 63.5715pt>
File: diagram_span_cospans.pdf Graphic file (type pdf)

<use diagram_span_cospans.pdf>
Package pdftex.def Info: diagram_span_cospans.pdf used on input line 119.
(pdftex.def)             Requested size: 63.57132pt x 63.57132pt.

<scC+Map_of_Spans_of_Cospans.pdf, id=114, 70.26651pt x 70.26651pt>
File: scC+Map_of_Spans_of_Cospans.pdf Graphic file (type pdf)

<use scC+Map_of_Spans_of_Cospans.pdf>
Package pdftex.def Info: scC+Map_of_Spans_of_Cospans.pdf used on input line 119
.
(pdftex.def)             Requested size: 70.26633pt x 70.26633pt.

Overfull \hbox (10.13332pt too wide) in paragraph at lines 119--120
 [][] 
 []

<graph_S_zx.pdf, id=116, 136.19983pt x 60.67468pt>
File: graph_S_zx.pdf Graphic file (type pdf)
 <use graph_S_zx.pdf>
Package pdftex.def Info: graph_S_zx.pdf used on input line 127.
(pdftex.def)             Requested size: 136.1995pt x 60.67451pt.

[2 <./diagram_span_cospans.pdf> <./scC+Map_of_Spans_of_Cospans.pdf> <./graph_S_
zx.pdf>] [3] <morphism_zx_braiding.pdf, id=169, 20.7164pt x 17.87177pt>
File: morphism_zx_braiding.pdf Graphic file (type pdf)

<use morphism_zx_braiding.pdf>
Package pdftex.def Info: morphism_zx_braiding.pdf used on input line 161.
(pdftex.def)             Requested size: 20.71634pt x 17.8717pt.

<morphism_zx_evaluation.pdf, id=170, 37.41579pt x 52.19098pt>
File: morphism_zx_evaluation.pdf Graphic file (type pdf)

<use morphism_zx_evaluation.pdf>
Package pdftex.def Info: morphism_zx_evaluation.pdf used on input line 165.
(pdftex.def)             Requested size: 28.06175pt x 39.14313pt.

<morphism_zx_coevaluation.pdf, id=171, 37.41579pt x 52.19098pt>
File: morphism_zx_coevaluation.pdf Graphic file (type pdf)

<use morphism_zx_coevaluation.pdf>
Package pdftex.def Info: morphism_zx_coevaluation.pdf used on input line 169.
(pdftex.def)             Requested size: 28.06175pt x 39.14313pt.

<functor_dagger.pdf, id=172, 132.9788pt x 29.0154pt>
File: functor_dagger.pdf Graphic file (type pdf)
 <use functor_dagger.pdf>
Package pdftex.def Info: functor_dagger.pdf used on input line 173.
(pdftex.def)             Requested size: 132.97847pt x 29.01532pt.

<equation_spider.pdf, id=173, 178.49687pt x 55.21428pt>
File: equation_spider.pdf Graphic file (type pdf)

<use equation_spider.pdf>
Package pdftex.def Info: equation_spider.pdf used on input line 237.
(pdftex.def)             Requested size: 178.49643pt x 55.21413pt.

<equation_bialgebra.pdf, id=174, 134.70325pt x 44.37077pt>
File: equation_bialgebra.pdf Graphic file (type pdf)

<use equation_bialgebra.pdf>
Package pdftex.def Info: equation_bialgebra.pdf used on input line 237.
(pdftex.def)             Requested size: 134.7029pt x 44.37065pt.

<equation_copy.pdf, id=175, 79.57831pt x 34.05423pt>
File: equation_copy.pdf Graphic file (type pdf)
 <use equation_copy.pdf>
Package pdftex.def Info: equation_copy.pdf used on input line 237.
(pdftex.def)             Requested size: 79.57811pt x 34.05412pt.

<equation_pi_copy.pdf, id=176, 141.10918pt x 42.4004pt>
File: equation_pi_copy.pdf Graphic file (type pdf)

<use equation_pi_copy.pdf>
Package pdftex.def Info: equation_pi_copy.pdf used on input line 237.
(pdftex.def)             Requested size: 141.10883pt x 42.40028pt.
 <equation_cup.pdf, id=177, 50.54785pt x 23.73769pt>
File: equation_cup.pdf Graphic file (type pdf)

<use equation_cup.pdf>
Package pdftex.def Info: equation_cup.pdf used on input line 237.
(pdftex.def)             Requested size: 50.54771pt x 23.73761pt.

<equation_trivial_spider.pdf, id=178, 86.33354pt x 10.33461pt>
File: equation_trivial_spider.pdf Graphic file (type pdf)

<use equation_trivial_spider.pdf>
Package pdftex.def Info: equation_trivial_spider.pdf used on input line 237.
(pdftex.def)             Requested size: 86.33333pt x 10.33458pt.

<equation_pi_commutation.pdf, id=179, 120.4771pt x 19.76985pt>
File: equation_pi_commutation.pdf Graphic file (type pdf)

<use equation_pi_commutation.pdf>
Package pdftex.def Info: equation_pi_commutation.pdf used on input line 237.
(pdftex.def)             Requested size: 120.47679pt x 19.76979pt.

<equation_color_change.pdf, id=180, 162.43385pt x 25.84958pt>
File: equation_color_change.pdf Graphic file (type pdf)

<use equation_color_change.pdf>
Package pdftex.def Info: equation_color_change.pdf used on input line 237.
(pdftex.def)             Requested size: 162.43344pt x 25.8495pt.

<equation_loop.pdf, id=181, 55.01453pt x 16.33403pt>
File: equation_loop.pdf Graphic file (type pdf)
 <use equation_loop.pdf>
Package pdftex.def Info: equation_loop.pdf used on input line 237.
(pdftex.def)             Requested size: 55.01437pt x 16.33398pt.

<equation_diamond.pdf, id=182, 50.36516pt x 10.83447pt>
File: equation_diamond.pdf Graphic file (type pdf)

<use equation_diamond.pdf>
Package pdftex.def Info: equation_diamond.pdf used on input line 237.
(pdftex.def)             Requested size: 50.36502pt x 10.83443pt.

Overfull \hbox (13.46664pt too wide) in paragraph at lines 237--238
 [][] 
 []

[4 <./morphism_zx_braiding.pdf> <./morphism_zx_evaluation.pdf> <./morphism_zx_c
oevaluation.pdf> <./functor_dagger.pdf>]
<example_open_graph_1.pdf, id=224, 67.78123pt x 43.07895pt>
File: example_open_graph_1.pdf Graphic file (type pdf)

<use example_open_graph_1.pdf>
Package pdftex.def Info: example_open_graph_1.pdf used on input line 258.
(pdftex.def)             Requested size: 67.78105pt x 43.07883pt.

<example_open_graph_3.pdf, id=225, 67.78123pt x 51.61484pt>
File: example_open_graph_3.pdf Graphic file (type pdf)

<use example_open_graph_3.pdf>
Package pdftex.def Info: example_open_graph_3.pdf used on input line 262.
(pdftex.def)             Requested size: 67.78105pt x 51.6147pt.

<example_open_graph_4.pdf, id=226, 101.92378pt x 51.61484pt>
File: example_open_graph_4.pdf Graphic file (type pdf)

<use example_open_graph_4.pdf>
Package pdftex.def Info: example_open_graph_4.pdf used on input line 266.
(pdftex.def)             Requested size: 101.92352pt x 51.6147pt.
 [5 <./equation_spider.pdf> <./equation_bialgebra.pdf> <./equation_copy.pdf> <.
/equation_pi_copy.pdf> <./equation_cup.pdf> <./equation_trivial_spider.pdf> <./
equation_pi_commutation.pdf> <./equation_color_change.pdf> <./equation_loop.pdf
> <./equation_diamond.pdf> <./example_open_graph_1.pdf> <./example_open_graph_3
.pdf>] [6 <./example_open_graph_4.pdf>]
<scC_horizontal_composition.pdf, id=329, 183.87495pt x 68.58324pt>
File: scC_horizontal_composition.pdf Graphic file (type pdf)

<use scC_horizontal_composition.pdf>
Package pdftex.def Info: scC_horizontal_composition.pdf used on input line 307.

(pdftex.def)             Requested size: 156.29443pt x 58.29602pt.

<scC_vertical_composition.pdf, id=330, 172.49445pt x 111.64009pt>
File: scC_vertical_composition.pdf Graphic file (type pdf)

<use scC_vertical_composition.pdf>
Package pdftex.def Info: scC_vertical_composition.pdf used on input line 307.
(pdftex.def)             Requested size: 146.62094pt x 94.89452pt.


Package hyperref Warning: Token not allowed in a PDF string (PDFDocEncoding):
(hyperref)                removing `math shift' on input line 321.


Package hyperref Warning: Token not allowed in a PDF string (PDFDocEncoding):
(hyperref)                removing `subscript' on input line 321.


Package hyperref Warning: Token not allowed in a PDF string (PDFDocEncoding):
(hyperref)                removing `math shift' on input line 321.

[7 <./scC_horizontal_composition.pdf> <./scC_vertical_composition.pdf>]
File: graph_S_zx.pdf Graphic file (type pdf)

<use graph_S_zx.pdf>
Package pdftex.def Info: graph_S_zx.pdf used on input line 355.
(pdftex.def)             Requested size: 136.1995pt x 60.67451pt.
 <wire_over_Szx.pdf, id=382, 77.7053pt x 50.7215pt>
File: wire_over_Szx.pdf Graphic file (type pdf)

<use wire_over_Szx.pdf>
Package pdftex.def Info: wire_over_Szx.pdf used on input line 369.
(pdftex.def)             Requested size: 77.70511pt x 50.72136pt.

<Hadamard_over_Szx.pdf, id=383, 77.7053pt x 59.88474pt>
File: Hadamard_over_Szx.pdf Graphic file (type pdf)

<use Hadamard_over_Szx.pdf>
Package pdftex.def Info: Hadamard_over_Szx.pdf used on input line 374.
(pdftex.def)             Requested size: 77.70511pt x 59.88458pt.

<Diamond_over_Szx.pdf, id=384, 39.25766pt x 45.43073pt>
File: Diamond_over_Szx.pdf Graphic file (type pdf)

<use Diamond_over_Szx.pdf>
Package pdftex.def Info: Diamond_over_Szx.pdf used on input line 379.
(pdftex.def)             Requested size: 39.25754pt x 45.4306pt.

<green_spider_over_Szx.pdf, id=385, 82.03648pt x 89.86273pt>
File: green_spider_over_Szx.pdf Graphic file (type pdf)

<use green_spider_over_Szx.pdf>
Package pdftex.def Info: green_spider_over_Szx.pdf used on input line 385.
(pdftex.def)             Requested size: 82.03627pt x 89.8625pt.

<red_spider_over_Szx.pdf, id=386, 81.73236pt x 93.66695pt>
File: red_spider_over_Szx.pdf Graphic file (type pdf)

<use red_spider_over_Szx.pdf>
Package pdftex.def Info: red_spider_over_Szx.pdf used on input line 390.
(pdftex.def)             Requested size: 81.73215pt x 93.6667pt.

<example_graph_over_Szx.pdf, id=387, 253.14073pt x 126.16736pt>
File: example_graph_over_Szx.pdf Graphic file (type pdf)

<use example_graph_over_Szx.pdf>
Package pdftex.def Info: example_graph_over_Szx.pdf used on input line 406.
(pdftex.def)             Requested size: 253.1401pt x 126.16702pt.

<example_zx_morphism_as_graph_over_Szx.pdf, id=388, 57.88124pt x 10.22821pt>
File: example_zx_morphism_as_graph_over_Szx.pdf Graphic file (type pdf)

<use example_zx_morphism_as_graph_over_Szx.pdf>
Package pdftex.def Info: example_zx_morphism_as_graph_over_Szx.pdf used on inpu
t line 410.
(pdftex.def)             Requested size: 57.88109pt x 10.22818pt.
 [8 <./wire_over_Szx.pdf> <./Hadamard_over_Szx.pdf> <./Diamond_over_Szx.pdf> <.
/green_spider_over_Szx.pdf> <./red_spider_over_Szx.pdf> <./example_graph_over_S
zx.pdf> <./example_zx_morphism_as_graph_over_Szx.pdf>]
<example_open_graph_over_Szx.pdf, id=487, 358.41603pt x 120.4771pt>
File: example_open_graph_over_Szx.pdf Graphic file (type pdf)

<use example_open_graph_over_Szx.pdf>
Package pdftex.def Info: example_open_graph_over_Szx.pdf used on input line 438
.
(pdftex.def)             Requested size: 322.57146pt x 108.42838pt.

<example_zx_morphism_as_open_graph_over_Szx.pdf, id=488, 142.54857pt x 20.20448
pt>
File: example_zx_morphism_as_open_graph_over_Szx.pdf Graphic file (type pdf)
 <use example_zx_morphism_as_open_graph_over_Szx.pdf>
Package pdftex.def Info: example_zx_morphism_as_open_graph_over_Szx.pdf used on
 input line 442.
(pdftex.def)             Requested size: 142.5482pt x 20.2044pt.
 [9 <./example_open_graph_over_Szx.pdf>]

Package hyperref Warning: Token not allowed in a PDF string (PDFDocEncoding):
(hyperref)                removing `math shift' on input line 452.


Package hyperref Warning: Token not allowed in a PDF string (PDFDocEncoding):
(hyperref)                removing `math shift' on input line 452.

<1cell_zx_wire.pdf, id=516, 51.4994pt x 19.71666pt>
File: 1cell_zx_wire.pdf Graphic file (type pdf)
 <use 1cell_zx_wire.pdf>
Package pdftex.def Info: 1cell_zx_wire.pdf used on input line 492.
(pdftex.def)             Requested size: 51.49927pt x 19.7166pt.

<1cell_zx_hadamard.pdf, id=517, 51.4994pt x 20.22154pt>
File: 1cell_zx_hadamard.pdf Graphic file (type pdf)

<use 1cell_zx_hadamard.pdf>
Package pdftex.def Info: 1cell_zx_hadamard.pdf used on input line 492.
(pdftex.def)             Requested size: 51.49927pt x 20.22148pt.

<1cell_zx_diamond.pdf, id=518, 28.73737pt x 20.50862pt>
File: 1cell_zx_diamond.pdf Graphic file (type pdf)

<use 1cell_zx_diamond.pdf>
Package pdftex.def Info: 1cell_zx_diamond.pdf used on input line 492.
(pdftex.def)             Requested size: 28.73729pt x 20.50856pt.

<1cell_zx_green_spider.pdf, id=519, 74.1711pt x 37.17288pt>
File: 1cell_zx_green_spider.pdf Graphic file (type pdf)

<use 1cell_zx_green_spider.pdf>
Package pdftex.def Info: 1cell_zx_green_spider.pdf used on input line 492.
(pdftex.def)             Requested size: 74.17091pt x 37.17278pt.

<1cell_zx_red_spider.pdf, id=520, 74.1711pt x 37.17288pt>
File: 1cell_zx_red_spider.pdf Graphic file (type pdf)

<use 1cell_zx_red_spider.pdf>
Package pdftex.def Info: 1cell_zx_red_spider.pdf used on input line 492.
(pdftex.def)             Requested size: 74.17091pt x 37.17278pt.

Overfull \hbox (10.13332pt too wide) in paragraph at lines 492--493
 [][] 
 []


Overfull \hbox (3.0144pt too wide) in paragraph at lines 497--498
[]\OT1/cmr/m/n/10 Just as the open graphs over $\OML/cmm/m/it/10 S[]$ \OT1/cmr/
m/n/10 in Fig-ure [][]4[][] cap-ture the gen-er-at-ing $[]$-morphisms,
 []

<2cell_wire_is_identity.pdf, id=523, 142.4562pt x 29.36772pt>
File: 2cell_wire_is_identity.pdf Graphic file (type pdf)

<use 2cell_wire_is_identity.pdf>
Package pdftex.def Info: 2cell_wire_is_identity.pdf used on input line 502.
(pdftex.def)             Requested size: 142.45586pt x 29.36763pt.
 [10 <./example_zx_morphism_as_open_graph_over_Szx.pdf> <./1cell_zx_wire.pdf> <
./1cell_zx_hadamard.pdf> <./1cell_zx_diamond.pdf> <./1cell_zx_green_spider.pdf>
 <./1cell_zx_red_spider.pdf>]
<2cell_spider.pdf, id=567, 326.63431pt x 73.7174pt>
File: 2cell_spider.pdf Graphic file (type pdf)
 <use 2cell_spider.pdf>
Package pdftex.def Info: 2cell_spider.pdf used on input line 549.
(pdftex.def)             Requested size: 244.97511pt x 55.28792pt.

<2cell_bialgebra.pdf, id=568, 210.74234pt x 58.36906pt>
File: 2cell_bialgebra.pdf Graphic file (type pdf)

<use 2cell_bialgebra.pdf>
Package pdftex.def Info: 2cell_bialgebra.pdf used on input line 549.
(pdftex.def)             Requested size: 158.05637pt x 43.77667pt.
 <2cell_cup.pdf, id=569, 139.70293pt x 40.74924pt>
File: 2cell_cup.pdf Graphic file (type pdf)

<use 2cell_cup.pdf>
Package pdftex.def Info: 2cell_cup.pdf used on input line 549.
(pdftex.def)             Requested size: 104.77693pt x 30.56184pt.
 <2cell_copy.pdf, id=570, 176.69212pt x 46.4395pt>
File: 2cell_copy.pdf Graphic file (type pdf)

<use 2cell_copy.pdf>
Package pdftex.def Info: 2cell_copy.pdf used on input line 549.
(pdftex.def)             Requested size: 132.51875pt x 34.82953pt.

<2cell_trivial_spider.pdf, id=571, 142.54857pt x 32.7614pt>
File: 2cell_trivial_spider.pdf Graphic file (type pdf)

<use 2cell_trivial_spider.pdf>
Package pdftex.def Info: 2cell_trivial_spider.pdf used on input line 549.
(pdftex.def)             Requested size: 106.91115pt x 24.57097pt.

<2cell_pi_copy.pdf, id=572, 229.70416pt x 46.4395pt>
File: 2cell_pi_copy.pdf Graphic file (type pdf)
 <use 2cell_pi_copy.pdf>
Package pdftex.def Info: 2cell_pi_copy.pdf used on input line 549.
(pdftex.def)             Requested size: 172.2777pt x 34.82953pt.

Overfull \hbox (10.2788pt too wide) in paragraph at lines 549--549
 [][] 
 []

<2cell_pi_commutation.pdf, id=573, 216.52594pt x 33.65976pt>
File: 2cell_pi_commutation.pdf Graphic file (type pdf)

<use 2cell_pi_commutation.pdf>
Package pdftex.def Info: 2cell_pi_commutation.pdf used on input line 549.
(pdftex.def)             Requested size: 162.39404pt x 25.24475pt.

<2cell_color_change.pdf, id=574, 314.0332pt x 39.93419pt>
File: 2cell_color_change.pdf Graphic file (type pdf)

<use 2cell_color_change.pdf>
Package pdftex.def Info: 2cell_color_change.pdf used on input line 549.
(pdftex.def)             Requested size: 235.5243pt x 29.95056pt.

<2cell_loop.pdf, id=575, 142.54857pt x 37.90361pt>
File: 2cell_loop.pdf Graphic file (type pdf)
 <use 2cell_loop.pdf>
Package pdftex.def Info: 2cell_loop.pdf used on input line 549.
(pdftex.def)             Requested size: 106.91115pt x 28.42763pt.

<2cell_diamond.pdf, id=576, 142.54857pt x 37.90361pt>
File: 2cell_diamond.pdf Graphic file (type pdf)
 <use 2cell_diamond.pdf>
Package pdftex.def Info: 2cell_diamond.pdf used on input line 549.
(pdftex.def)             Requested size: 106.91115pt x 28.42763pt.

Overfull \hbox (10.13332pt too wide) in paragraph at lines 549--550
 [][] 
 []

<1cell_zx_braiding.pdf, id=577, 63.36272pt x 40.60068pt>
File: 1cell_zx_braiding.pdf Graphic file (type pdf)

<use 1cell_zx_braiding.pdf>
Package pdftex.def Info: 1cell_zx_braiding.pdf used on input line 568.
(pdftex.def)             Requested size: 47.52191pt x 30.45041pt.

<1cell_zx_evaluation.pdf, id=578, 59.60268pt x 43.44632pt>
File: 1cell_zx_evaluation.pdf Graphic file (type pdf)

<use 1cell_zx_evaluation.pdf>
Package pdftex.def Info: 1cell_zx_evaluation.pdf used on input line 568.
(pdftex.def)             Requested size: 44.70189pt x 32.58464pt.

<1cell_zx_coevaluation.pdf, id=579, 59.60268pt x 43.44632pt>
File: 1cell_zx_coevaluation.pdf Graphic file (type pdf)

<use 1cell_zx_coevaluation.pdf>
Package pdftex.def Info: 1cell_zx_coevaluation.pdf used on input line 568.
(pdftex.def)             Requested size: 44.70189pt x 32.58464pt.
 [11 <./2cell_wire_is_identity.pdf> <./2cell_spider.pdf> <./2cell_bialgebra.pdf
> <./2cell_cup.pdf> <./2cell_copy.pdf> <./2cell_trivial_spider.pdf> <./2cell_pi
_copy.pdf> <./2cell_pi_commutation.pdf> <./2cell_color_change.pdf> <./2cell_loo
p.pdf> <./2cell_diamond.pdf>]
<example_composing_spiders.pdf, id=674, 281.97647pt x 49.9205pt>
File: example_composing_spiders.pdf Graphic file (type pdf)

<use example_composing_spiders.pdf>
Package pdftex.def Info: example_composing_spiders.pdf used on input line 572.
(pdftex.def)             Requested size: 281.97577pt x 49.92036pt.

<diagram_tensor_spiders.pdf, id=675, 248.59576pt x 72.32019pt>
File: diagram_tensor_spiders.pdf Graphic file (type pdf)

<use diagram_tensor_spiders.pdf>
Package pdftex.def Info: diagram_tensor_spiders.pdf used on input line 576.
(pdftex.def)             Requested size: 248.59515pt x 72.31999pt.

<functor_dagger_decat_zx_spider_green.pdf, id=676, 144.61127pt x 39.70433pt>
File: functor_dagger_decat_zx_spider_green.pdf Graphic file (type pdf)

<use functor_dagger_decat_zx_spider_green.pdf>
Package pdftex.def Info: functor_dagger_decat_zx_spider_green.pdf used on input
 line 592.
(pdftex.def)             Requested size: 144.6109pt x 39.70422pt.

Overfull \hbox (36.6098pt too wide) in paragraph at lines 592--593
[][] 
 []

<functor_dagger_decat_zx_spider_red.pdf, id=677, 144.61127pt x 40.75928pt>
File: functor_dagger_decat_zx_spider_red.pdf Graphic file (type pdf)

<use functor_dagger_decat_zx_spider_red.pdf>
Package pdftex.def Info: functor_dagger_decat_zx_spider_red.pdf used on input l
ine 596.
(pdftex.def)             Requested size: 144.6109pt x 40.75916pt.

Overfull \hbox (36.6098pt too wide) in paragraph at lines 596--597
[][] 
 []

<equation_decat_zx_snake.pdf, id=679, 376.55179pt x 63.5715pt>
File: equation_decat_zx_snake.pdf Graphic file (type pdf)

<use equation_decat_zx_snake.pdf>
Package pdftex.def Info: equation_decat_zx_snake.pdf used on input line 604.
(pdftex.def)             Requested size: 282.41313pt x 47.67848pt.
 [12 <./1cell_zx_braiding.pdf> <./1cell_zx_evaluation.pdf> <./1cell_zx_coevalua
tion.pdf> <./example_composing_spiders.pdf> <./diagram_tensor_spiders.pdf> <./f
unctor_dagger_decat_zx_spider_green.pdf> <./functor_dagger_decat_zx_spider_red.
pdf> <./equation_decat_zx_snake.pdf>]
File: generater_green_spider.pdf Graphic file (type pdf)

<use generater_green_spider.pdf>
Package pdftex.def Info: generater_green_spider.pdf used on input line 615.
(pdftex.def)             Requested size: 62.84863pt x 25.45pt.
File: 1cell_zx_green_spider.pdf Graphic file (type pdf)
 <use 1cell_zx_green_spider.pdf>
Package pdftex.def Info: 1cell_zx_green_spider.pdf used on input line 617.
(pdftex.def)             Requested size: 74.17091pt x 37.17278pt.
File: generater_red_spider.pdf Graphic file (type pdf)

<use generater_red_spider.pdf>
Package pdftex.def Info: generater_red_spider.pdf used on input line 621.
(pdftex.def)             Requested size: 62.84863pt x 27.22562pt.
File: 1cell_zx_red_spider.pdf Graphic file (type pdf)
 <use 1cell_zx_red_spider.pdf>
Package pdftex.def Info: 1cell_zx_red_spider.pdf used on input line 623.
(pdftex.def)             Requested size: 74.17091pt x 37.17278pt.
File: generater_wire.pdf Graphic file (type pdf)

<use generater_wire.pdf>
Package pdftex.def Info: generater_wire.pdf used on input line 630.
(pdftex.def)             Requested size: 35.1181pt x 12.35611pt.
File: 1cell_zx_wire.pdf Graphic file (type pdf)
 <use 1cell_zx_wire.pdf>
Package pdftex.def Info: 1cell_zx_wire.pdf used on input line 632.
(pdftex.def)             Requested size: 51.49927pt x 19.7166pt.
File: generater_diamond.pdf Graphic file (type pdf)
 <use generater_diamond.pdf>
Package pdftex.def Info: generater_diamond.pdf used on input line 636.
(pdftex.def)             Requested size: 10.83443pt x 10.83443pt.
File: 1cell_zx_diamond.pdf Graphic file (type pdf)

<use 1cell_zx_diamond.pdf>
Package pdftex.def Info: 1cell_zx_diamond.pdf used on input line 638.
(pdftex.def)             Requested size: 28.73729pt x 20.50856pt.
File: generater_hadamard.pdf Graphic file (type pdf)
 <use generater_hadamard.pdf>
Package pdftex.def Info: generater_hadamard.pdf used on input line 642.
(pdftex.def)             Requested size: 40.80934pt x 7.46585pt.
File: 1cell_zx_hadamard.pdf Graphic file (type pdf)

<use 1cell_zx_hadamard.pdf>
Package pdftex.def Info: 1cell_zx_hadamard.pdf used on input line 644.
(pdftex.def)             Requested size: 51.49927pt x 20.22148pt.
Missing character: There is no  in font cmr8!
Missing character: There is no  in font cmr8!
Missing character: There is no  in font cmr8!
Missing character: There is no  in font cmr8!
Missing character: There is no  in font cmr8!
Missing character: There is no  in font cmr8!
Missing character: There is no  in font cmr8!
Missing character: There is no  in font cmr8!
Missing character: There is no  in font cmr8!
Missing character: There is no  in font cmr8!
Missing character: There is no  in font cmr8!
 [13]
Missing character: There is no  in font cmr8!
Missing character: There is no  in font cmr8!

Underfull \hbox (badness 2753) in paragraph at lines 820--825
[]\OT1/cmr/m/n/8 B. Fong (2016) \OT1/cmr/m/it/8 The Al-ge-bra of Open and In-te
r-con-nected Sys-tems\OT1/cmr/m/n/8 . Avail-able as
 []


Underfull \hbox (badness 5064) in paragraph at lines 871--878
[]\OT1/cmr/m/n/8 V. Sas-sone, & P. Soboci^^Snski (2005) \OT1/cmr/m/it/8 A con-g
ru-ence for Petri nets\OT1/cmr/m/n/8 . Elec-tronic
 []


Underfull \hbox (badness 3492) in paragraph at lines 871--878
\OT1/cmr/m/n/8 Notes in The-o-ret-i-cal Com-puter Sci-ence, 127(2), pp. 107-120
. Also avail-able as
 []


Underfull \hbox (badness 4872) in paragraph at lines 887--892
[]\OT1/cmr/m/n/8 M. Shul-man (2010) \OT1/cmr/m/it/8 Con-struct-ing sym-met-ric 
monoidal bi-cat-e-gories\OT1/cmr/m/n/8 . Avail-able as
 []

[14]
Package atveryend Info: Empty hook `BeforeClearDocument' on input line 898.
Package atveryend Info: Empty hook `AfterLastShipout' on input line 898.
 (./ Categorifying the zx-calculus_Arxiv v1.aux)
Package atveryend Info: Executing hook `AtVeryEndDocument' on input line 898.
Package atveryend Info: Executing hook `AtEndAfterFileList' on input line 898.
Package rerunfilecheck Info: File `" Categorifying the zx-calculus_Arxiv v1".ou
t' has not changed.
(rerunfilecheck)             Checksum: 434928F53D5F080187A2886E08ECB64E;328.
Package atveryend Info: Empty hook `AtVeryVeryEnd' on input line 898.
 ) 
Here is how much of TeX's memory you used:
 23264 strings out of 493014
 454263 string characters out of 6133351
 572719 words of memory out of 5000000
 26098 multiletter control sequences out of 15000+600000
 15881 words of font info for 63 fonts, out of 8000000 for 9000
 1302 hyphenation exceptions out of 8191
 55i,12n,71p,3336b,785s stack positions out of 5000i,500n,10000p,200000b,80000s
</usr/local/texlive/2016/texmf-dist/fonts/type1/public/amsfonts/cm/cmbx10.pfb
></usr/local/texlive/2016/texmf-dist/fonts/type1/public/amsfonts/cm/cmcsc10.pfb
></usr/local/texlive/2016/texmf-dist/fonts/type1/public/amsfonts/cm/cmex10.pfb>
</usr/local/texlive/2016/texmf-dist/fonts/type1/public/amsfonts/cm/cmmi10.pfb><
/usr/local/texlive/2016/texmf-dist/fonts/type1/public/amsfonts/cm/cmmi5.pfb></u
sr/local/texlive/2016/texmf-dist/fonts/type1/public/amsfonts/cm/cmmi7.pfb></usr
/local/texlive/2016/texmf-dist/fonts/type1/public/amsfonts/cm/cmmi9.pfb></usr/l
ocal/texlive/2016/texmf-dist/fonts/type1/public/amsfonts/cm/cmr10.pfb></usr/loc
al/texlive/2016/texmf-dist/fonts/type1/public/amsfonts/cm/cmr5.pfb></usr/local/
texlive/2016/texmf-dist/fonts/type1/public/amsfonts/cm/cmr7.pfb></usr/local/tex
live/2016/texmf-dist/fonts/type1/public/amsfonts/cm/cmr8.pfb></usr/local/texliv
e/2016/texmf-dist/fonts/type1/public/amsfonts/cm/cmr9.pfb></usr/local/texlive/2
016/texmf-dist/fonts/type1/public/amsfonts/cm/cmsy10.pfb></usr/local/texlive/20
16/texmf-dist/fonts/type1/public/amsfonts/cm/cmsy5.pfb></usr/local/texlive/2016
/texmf-dist/fonts/type1/public/amsfonts/cm/cmsy7.pfb></usr/local/texlive/2016/t
exmf-dist/fonts/type1/public/amsfonts/cm/cmti10.pfb></usr/local/texlive/2016/te
xmf-dist/fonts/type1/public/amsfonts/cm/cmti7.pfb></usr/local/texlive/2016/texm
f-dist/fonts/type1/public/amsfonts/cm/cmti8.pfb></usr/local/texlive/2016/texmf-
dist/fonts/type1/public/amsfonts/symbols/msam10.pfb>
Output written on " Categorifying the zx-calculus_Arxiv v1.pdf" (14 pages, 4090
54 bytes).
PDF statistics:
 887 PDF objects out of 1000 (max. 8388607)
 784 compressed objects within 8 object streams
 73 named destinations out of 1000 (max. 500000)
 361 words of extra memory for PDF output out of 10000 (max. 10000000)

